#
# There is insufficient memory for the Java Runtime Environment to continue.
# Native memory allocation (malloc) failed to allocate 1923696 bytes. Error detail: Chunk::new
# Possible reasons:
#   The system is out of physical RAM or swap space
#   This process is running with CompressedOops enabled, and the Java Heap may be blocking the growth of the native heap
# Possible solutions:
#   Reduce memory load on the system
#   Increase physical memory or swap space
#   Check if swap backing store is full
#   Decrease Java heap size (-Xmx/-Xms)
#   Decrease number of Java threads
#   Decrease Java thread stack sizes (-Xss)
#   Set larger code cache with -XX:ReservedCodeCacheSize=
#   JVM is running with Unscaled Compressed Oops mode in which the Java heap is
#     placed in the first 4GB address space. The Java Heap base address is the
#     maximum limit for the native heap growth. Please use -XX:HeapBaseMinAddress
#     to set the Java Heap base and to place the Java Heap above 4GB virtual address.
# This output file may be truncated or incomplete.
#
#  Out of Memory Error (arena.cpp:168), pid=26356, tid=19628
#
# JRE version: OpenJDK Runtime Environment Temurin-21.0.10+7 (21.0.10+7) (build 21.0.10+7-LTS)
# Java VM: OpenJDK 64-Bit Server VM Temurin-21.0.10+7 (21.0.10+7-LTS, mixed mode, sharing, tiered, compressed oops, compressed class ptrs, parallel gc, windows-amd64)
# No core dump will be written. Minidumps are not enabled by default on client versions of Windows
#

---------------  S U M M A R Y ------------

Command Line: --add-modules=ALL-SYSTEM --add-opens=java.base/java.util=ALL-UNNAMED --add-opens=java.base/java.lang=ALL-UNNAMED --add-opens=java.base/sun.nio.fs=ALL-UNNAMED -Declipse.application=org.eclipse.jdt.ls.core.id1 -Dosgi.bundles.defaultStartLevel=4 -Declipse.product=org.eclipse.jdt.ls.core.product -Djava.import.generatesMetadataFilesAtProjectRoot=false -DDetectVMInstallationsJob.disabled=true -Dfile.encoding=utf8 -XX:+UseParallelGC -XX:GCTimeRatio=4 -XX:AdaptiveSizePolicyWeight=90 -Dsun.zip.disableMemoryMapping=true -Xmx2G -Xms100m -Xlog:disable -javaagent:c:\Users\Aditya\.antigravity\extensions\redhat.java-1.54.0-win32-x64\lombok\lombok-1.18.39-4050.jar -XX:+HeapDumpOnOutOfMemoryError -XX:HeapDumpPath=c:\Users\Aditya\AppData\Roaming\Antigravity\User\workspaceStorage\69aa439137832c700fa45b48b1831ded\redhat.java -Daether.dependencyCollector.impl=bf c:\Users\Aditya\.antigravity\extensions\redhat.java-1.54.0-win32-x64\server\plugins\org.eclipse.equinox.launcher_1.7.100.v20251111-0406.jar -configuration c:\Users\Aditya\AppData\Roaming\Antigravity\User\globalStorage\redhat.java\1.54.0\config_win -data c:\Users\Aditya\AppData\Roaming\Antigravity\User\workspaceStorage\69aa439137832c700fa45b48b1831ded\redhat.java\jdt_ws --pipe=\\.\pipe\lsp-16d70bdaa16fa3ec95e23c19c84ef6d7-sock

Host: 13th Gen Intel(R) Core(TM) i5-13450HX, 16 cores, 7G,  Windows 11 , 64 bit Build 26100 (10.0.26100.8328)
Time: Sun May 17 16:22:58 2026 India Standard Time elapsed time: 14.396398 seconds (0d 0h 0m 14s)

---------------  T H R E A D  ---------------

Current thread (0x0000015667b85750):  JavaThread "C2 CompilerThread0" daemon [_thread_in_native, id=19628, stack(0x000000118b300000,0x000000118b400000) (1024K)]


Current CompileTask:
C2:14396 4549   !   4       org.eclipse.osgi.internal.loader.classpath.ClasspathManager::findClassImpl (328 bytes)

Stack: [0x000000118b300000,0x000000118b400000]
Native frames: (J=compiled Java code, j=interpreted, Vv=VM code, C=native code)
V  [jvm.dll+0x6d7a39]
V  [jvm.dll+0x8b4b26]
V  [jvm.dll+0x8b70de]
V  [jvm.dll+0x8b77c3]
V  [jvm.dll+0x284346]
V  [jvm.dll+0xc66ed]
V  [jvm.dll+0xc6c31]
V  [jvm.dll+0x3bec3b]
V  [jvm.dll+0x1e3f69]
V  [jvm.dll+0x24c6b3]
V  [jvm.dll+0x24bb40]
V  [jvm.dll+0x1cb34e]
V  [jvm.dll+0x25b85d]
V  [jvm.dll+0x259dea]
V  [jvm.dll+0x3f857e]
V  [jvm.dll+0x85f59d]
V  [jvm.dll+0x6d626d]
C  [ucrtbase.dll+0x37b0]
C  [KERNEL32.DLL+0x2e957]
C  [ntdll.dll+0x427c]


---------------  P R O C E S S  ---------------

Threads class SMR info:
_java_thread_list=0x000001566f550510, length=46, elements={
0x000001564da376a0, 0x000001564fea1fc0, 0x000001564fea43b0, 0x000001564fea6f50,
0x000001564fea7d60, 0x000001564fea9c10, 0x000001564feb2fe0, 0x0000015667b85750,
0x0000015667b96d20, 0x000001564feb22c0, 0x000001564feb0f10, 0x000001564feb2950,
0x000001564feb0880, 0x000001564feafb60, 0x000001564feb01f0, 0x000001564feb15a0,
0x000001564feb1c30, 0x000001566e35dba0, 0x000001566e360990, 0x000001566e361020,
0x000001566e360300, 0x000001566e3616b0, 0x000001566e35e230, 0x000001566e35ef50,
0x0000015667b973f0, 0x000001566e35f5e0, 0x0000015667b98f30, 0x000001566e361d40,
0x000001566e35e8c0, 0x000001566e3623d0, 0x000001566e362a60, 0x000001566e3630f0,
0x000001566e35fc70, 0x000001566e363780, 0x000001566e3644a0, 0x000001566e363e10,
0x000001566e364b30, 0x000001566e3651c0, 0x000001566e74cc80, 0x000001566e749e90,
0x000001566e74a520, 0x000001566e749800, 0x000001566e74b8d0, 0x000001566e74d9a0,
0x000001566e74d310, 0x000001566e74e030
}

Java Threads: ( => current thread )
  0x000001564da376a0 JavaThread "main"                              [_thread_in_Java, id=23416, stack(0x000000118a900000,0x000000118aa00000) (1024K)]
  0x000001564fea1fc0 JavaThread "Reference Handler"          daemon [_thread_blocked, id=3872, stack(0x000000118ad00000,0x000000118ae00000) (1024K)]
  0x000001564fea43b0 JavaThread "Finalizer"                  daemon [_thread_blocked, id=3748, stack(0x000000118ae00000,0x000000118af00000) (1024K)]
  0x000001564fea6f50 JavaThread "Signal Dispatcher"          daemon [_thread_blocked, id=30424, stack(0x000000118af00000,0x000000118b000000) (1024K)]
  0x000001564fea7d60 JavaThread "Attach Listener"            daemon [_thread_blocked, id=33496, stack(0x000000118b000000,0x000000118b100000) (1024K)]
  0x000001564fea9c10 JavaThread "Service Thread"             daemon [_thread_blocked, id=23328, stack(0x000000118b100000,0x000000118b200000) (1024K)]
  0x000001564feb2fe0 JavaThread "Monitor Deflation Thread"   daemon [_thread_blocked, id=23488, stack(0x000000118b200000,0x000000118b300000) (1024K)]
=>0x0000015667b85750 JavaThread "C2 CompilerThread0"         daemon [_thread_in_native, id=19628, stack(0x000000118b300000,0x000000118b400000) (1024K)]
  0x0000015667b96d20 JavaThread "C1 CompilerThread0"         daemon [_thread_in_vm, id=19984, stack(0x000000118b400000,0x000000118b500000) (1024K)]
  0x000001564feb22c0 JavaThread "Common-Cleaner"             daemon [_thread_blocked, id=20740, stack(0x000000118b600000,0x000000118b700000) (1024K)]
  0x000001564feb0f10 JavaThread "Notification Thread"        daemon [_thread_blocked, id=5312, stack(0x000000118b700000,0x000000118b800000) (1024K)]
  0x000001564feb2950 JavaThread "Active Thread: Equinox Container: f1ee560e-e982-49f6-aa78-5918a2cb27d9"        [_thread_blocked, id=24692, stack(0x000000118be00000,0x000000118bf00000) (1024K)]
  0x000001564feb0880 JavaThread "Refresh Thread: Equinox Container: f1ee560e-e982-49f6-aa78-5918a2cb27d9" daemon [_thread_blocked, id=33800, stack(0x000000118c000000,0x000000118c100000) (1024K)]
  0x000001564feafb60 JavaThread "Framework Event Dispatcher: Equinox Container: f1ee560e-e982-49f6-aa78-5918a2cb27d9" daemon [_thread_blocked, id=33808, stack(0x000000118c100000,0x000000118c200000) (1024K)]
  0x000001564feb01f0 JavaThread "Start Level: Equinox Container: f1ee560e-e982-49f6-aa78-5918a2cb27d9" daemon [_thread_blocked, id=33812, stack(0x000000118c200000,0x000000118c300000) (1024K)]
  0x000001564feb15a0 JavaThread "Bundle File Closer"         daemon [_thread_blocked, id=34004, stack(0x000000118b500000,0x000000118b600000) (1024K)]
  0x000001564feb1c30 JavaThread "SCR Component Actor"        daemon [_thread_blocked, id=34516, stack(0x000000118c300000,0x000000118c400000) (1024K)]
  0x000001566e35dba0 JavaThread "Worker-JM"                         [_thread_blocked, id=34568, stack(0x000000118ca00000,0x000000118cb00000) (1024K)]
  0x000001566e360990 JavaThread "JNA Cleaner"                daemon [_thread_blocked, id=28444, stack(0x000000118cd00000,0x000000118ce00000) (1024K)]
  0x000001566e361020 JavaThread "Worker-0: Updating Maven Dependencies"        [_thread_blocked, id=33836, stack(0x000000118ce00000,0x000000118cf00000) (1024K)]
  0x000001566e360300 JavaThread "Worker-1"                          [_thread_blocked, id=27292, stack(0x000000118cf00000,0x000000118d000000) (1024K)]
  0x000001566e3616b0 JavaThread "Worker-2: Repository registry initialization"        [_thread_in_Java, id=30056, stack(0x000000118d000000,0x000000118d100000) (1024K)]
  0x000001566e35e230 JavaThread "Java indexing"              daemon [_thread_blocked, id=12020, stack(0x000000118d100000,0x000000118d200000) (1024K)]
  0x000001566e35ef50 JavaThread "Worker-3: Initialize After Load"        [_thread_blocked, id=34456, stack(0x000000118d200000,0x000000118d300000) (1024K)]
  0x0000015667b973f0 JavaThread "C1 CompilerThread1"         daemon [_thread_blocked, id=34576, stack(0x000000118c900000,0x000000118ca00000) (1024K)]
  0x000001566e35f5e0 JavaThread "Worker-4"                          [_thread_blocked, id=34684, stack(0x000000118d300000,0x000000118d400000) (1024K)]
  0x0000015667b98f30 JavaThread "C1 CompilerThread2"         daemon [_thread_in_vm, id=34688, stack(0x000000118d400000,0x000000118d500000) (1024K)]
  0x000001566e361d40 JavaThread "Worker-5"                          [_thread_blocked, id=34692, stack(0x000000118d500000,0x000000118d600000) (1024K)]
  0x000001566e35e8c0 JavaThread "Thread-1"                   daemon [_thread_in_native, id=34696, stack(0x000000118d600000,0x000000118d700000) (1024K)]
  0x000001566e3623d0 JavaThread "Thread-2"                   daemon [_thread_in_native, id=34412, stack(0x000000118d700000,0x000000118d800000) (1024K)]
  0x000001566e362a60 JavaThread "Thread-3"                   daemon [_thread_in_native, id=34404, stack(0x000000118d800000,0x000000118d900000) (1024K)]
  0x000001566e3630f0 JavaThread "Thread-4"                   daemon [_thread_in_native, id=34400, stack(0x000000118d900000,0x000000118da00000) (1024K)]
  0x000001566e35fc70 JavaThread "Thread-5"                   daemon [_thread_in_native, id=34396, stack(0x000000118da00000,0x000000118db00000) (1024K)]
  0x000001566e363780 JavaThread "Thread-6"                   daemon [_thread_in_native, id=34408, stack(0x000000118db00000,0x000000118dc00000) (1024K)]
  0x000001566e3644a0 JavaThread "Thread-7"                   daemon [_thread_in_native, id=34380, stack(0x000000118dc00000,0x000000118dd00000) (1024K)]
  0x000001566e363e10 JavaThread "Thread-8"                   daemon [_thread_in_native, id=34376, stack(0x000000118dd00000,0x000000118de00000) (1024K)]
  0x000001566e364b30 JavaThread "Thread-9"                   daemon [_thread_in_native, id=14936, stack(0x000000118de00000,0x000000118df00000) (1024K)]
  0x000001566e3651c0 JavaThread "Thread-10"                  daemon [_thread_in_native, id=34760, stack(0x000000118df00000,0x000000118e000000) (1024K)]
  0x000001566e74cc80 JavaThread "Thread-11"                  daemon [_thread_in_native, id=34764, stack(0x000000118e000000,0x000000118e100000) (1024K)]
  0x000001566e749e90 JavaThread "Thread-12"                  daemon [_thread_in_native, id=34748, stack(0x000000118e100000,0x000000118e200000) (1024K)]
  0x000001566e74a520 JavaThread "Thread-13"                  daemon [_thread_in_native, id=2180, stack(0x000000118e200000,0x000000118e300000) (1024K)]
  0x000001566e749800 JavaThread "Thread-14"                  daemon [_thread_in_native, id=34812, stack(0x000000118e300000,0x000000118e400000) (1024K)]
  0x000001566e74b8d0 JavaThread "Thread-15"                  daemon [_thread_in_native, id=34808, stack(0x000000118e400000,0x000000118e500000) (1024K)]
  0x000001566e74d9a0 JavaThread "Thread-16"                  daemon [_thread_in_native, id=34788, stack(0x000000118e500000,0x000000118e600000) (1024K)]
  0x000001566e74d310 JavaThread "Thread-17"                  daemon [_thread_in_native, id=34784, stack(0x000000118e600000,0x000000118e700000) (1024K)]
  0x000001566e74e030 JavaThread "pool-2-thread-1"                   [_thread_blocked, id=34780, stack(0x000000118e700000,0x000000118e800000) (1024K)]
Total: 46

Other Threads:
  0x000001564fd94350 VMThread "VM Thread"                           [id=28416, stack(0x000000118ac00000,0x000000118ad00000) (1024K)]
  0x000001564fc8ca00 WatcherThread "VM Periodic Task Thread"        [id=440, stack(0x000000118ab00000,0x000000118ac00000) (1024K)]
  0x000001564fe19470 WorkerThread "GC Thread#0"                     [id=18924, stack(0x000000118aa00000,0x000000118ab00000) (1024K)]
  0x0000015669a7a870 WorkerThread "GC Thread#1"                     [id=23888, stack(0x000000118b800000,0x000000118b900000) (1024K)]
  0x0000015669a7ac20 WorkerThread "GC Thread#2"                     [id=23664, stack(0x000000118b900000,0x000000118ba00000) (1024K)]
  0x000001566986fb50 WorkerThread "GC Thread#3"                     [id=9264, stack(0x000000118ba00000,0x000000118bb00000) (1024K)]
  0x00000156695eff10 WorkerThread "GC Thread#4"                     [id=31208, stack(0x000000118bb00000,0x000000118bc00000) (1024K)]
  0x00000156695f02c0 WorkerThread "GC Thread#5"                     [id=33488, stack(0x000000118bc00000,0x000000118bd00000) (1024K)]
  0x00000156699e6720 WorkerThread "GC Thread#6"                     [id=25320, stack(0x000000118bd00000,0x000000118be00000) (1024K)]
  0x0000015669bac030 WorkerThread "GC Thread#7"                     [id=5156, stack(0x000000118bf00000,0x000000118c000000) (1024K)]
  0x000001566e30f060 WorkerThread "GC Thread#8"                     [id=33884, stack(0x000000118c400000,0x000000118c500000) (1024K)]
  0x000001566e30f410 WorkerThread "GC Thread#9"                     [id=33888, stack(0x000000118c500000,0x000000118c600000) (1024K)]
  0x000001566e30f7c0 WorkerThread "GC Thread#10"                    [id=33892, stack(0x000000118c600000,0x000000118c700000) (1024K)]
  0x000001566e169eb0 WorkerThread "GC Thread#11"                    [id=34632, stack(0x000000118cb00000,0x000000118cc00000) (1024K)]
  0x000001566e16a260 WorkerThread "GC Thread#12"                    [id=34636, stack(0x000000118cc00000,0x000000118cd00000) (1024K)]
Total: 15

Threads with active compile tasks:
C2 CompilerThread0  14417 4549   !   4       org.eclipse.osgi.internal.loader.classpath.ClasspathManager::findClassImpl (328 bytes)
C1 CompilerThread0  14417 4959       2       java.lang.PublicMethods$MethodList::filter (104 bytes)
C1 CompilerThread1  14417 4960       2       java.lang.Class::getMethodsRecursive (99 bytes)
Total: 3

VM state: not at safepoint (normal execution)

VM Mutex/Monitor currently owned by a thread: None

Heap address: 0x0000000080000000, size: 2048 MB, Compressed Oops mode: 32-bit

CDS archive(s) mapped at: [0x0000015600000000-0x0000015600ba0000-0x0000015600ba0000), size 12189696, SharedBaseAddress: 0x0000015600000000, ArchiveRelocationMode: 1.
Compressed class space mapped at: 0x0000015601000000-0x0000015641000000, reserved size: 1073741824
Narrow klass base: 0x0000015600000000, Narrow klass shift: 0, Narrow klass range: 0x100000000

GC Precious Log:
 CardTable entry size: 512
 CPUs: 16 total, 16 available
 Memory: 7876M
 Large Page Support: Disabled
 NUMA Support: Disabled
 Compressed Oops: Enabled (32-bit)
 Alignments: Space 512K, Generation 512K, Heap 2M
 Heap Min Capacity: 100M
 Heap Initial Capacity: 100M
 Heap Max Capacity: 2G
 Pre-touch: Disabled
 Parallel Workers: 13

Heap:
 PSYoungGen      total 22528K, used 15848K [0x00000000d5580000, 0x00000000d7000000, 0x0000000100000000)
  eden space 22016K, 71% used [0x00000000d5580000,0x00000000d64fa328,0x00000000d6b00000)
  from space 512K, 0% used [0x00000000d6d80000,0x00000000d6d80000,0x00000000d6e00000)
  to   space 1024K, 0% used [0x00000000d6f00000,0x00000000d6f00000,0x00000000d7000000)
 ParOldGen       total 68608K, used 19238K [0x0000000080000000, 0x0000000084300000, 0x00000000d5580000)
  object space 68608K, 28% used [0x0000000080000000,0x00000000812c9bd0,0x0000000084300000)
 Metaspace       used 36170K, committed 37248K, reserved 1114112K
  class space    used 3796K, committed 4224K, reserved 1048576K

Card table byte_map: [0x000001564f7a0000,0x000001564fbb0000] _byte_map_base: 0x000001564f3a0000

Marking Bits: (ParMarkBitMap*) 0x00007ffd84c93450
 Begin Bits: [0x00000156622b0000, 0x00000156642b0000)
 End Bits:   [0x00000156642b0000, 0x00000156662b0000)

Polling page: 0x000001564dc00000

Metaspace:

Usage:
  Non-class:     31.61 MB used.
      Class:      3.71 MB used.
       Both:     35.32 MB used.

Virtual space:
  Non-class space:       64.00 MB reserved,      32.25 MB ( 50%) committed,  1 nodes.
      Class space:        1.00 GB reserved,       4.12 MB ( <1%) committed,  1 nodes.
             Both:        1.06 GB reserved,      36.38 MB (  3%) committed. 

Chunk freelists:
   Non-Class:  15.48 MB
       Class:  11.69 MB
        Both:  27.18 MB

MaxMetaspaceSize: unlimited
CompressedClassSpaceSize: 1.00 GB
Initial GC threshold: 21.00 MB
Current GC threshold: 58.38 MB
CDS: on
 - commit_granule_bytes: 65536.
 - commit_granule_words: 8192.
 - virtual_space_node_default_size: 8388608.
 - enlarge_chunks_in_place: 1.
 - use_allocation_guard: 0.


Internal statistics:

num_allocs_failed_limit: 6.
num_arena_births: 748.
num_arena_deaths: 14.
num_vsnodes_births: 2.
num_vsnodes_deaths: 0.
num_space_committed: 582.
num_space_uncommitted: 0.
num_chunks_returned_to_freelist: 20.
num_chunks_taken_from_freelist: 2330.
num_chunk_merges: 11.
num_chunk_splits: 1442.
num_chunks_enlarged: 829.
num_inconsistent_stats: 0.

CodeHeap 'non-profiled nmethods': size=119168Kb used=1757Kb max_used=2082Kb free=117410Kb
 bounds [0x000001565aba0000, 0x000001565ae10000, 0x0000015662000000]
CodeHeap 'profiled nmethods': size=119104Kb used=9318Kb max_used=10355Kb free=109785Kb
 bounds [0x0000015653000000, 0x0000015653a20000, 0x000001565a450000]
CodeHeap 'non-nmethods': size=7488Kb used=2490Kb max_used=2507Kb free=4998Kb
 bounds [0x000001565a450000, 0x000001565a6d0000, 0x000001565aba0000]
CodeCache: size=245760Kb, used=13565Kb, max_used=14944Kb, free=232193Kb
 total_blobs=5024, nmethods=4366, adapters=562, full_count=0
Compilation: enabled, stopped_count=0, restarted_count=0

Compilation events (20 events):
Event: 13.378 Thread 0x0000015667b973f0 nmethod 4907 0x000001565367d010 code [0x000001565367d1c0, 0x000001565367d348]
Event: 13.378 Thread 0x0000015667b973f0 4909       3       java.util.stream.AbstractPipeline::evaluateToArrayNode (78 bytes)
Event: 13.379 Thread 0x0000015667b96d20 nmethod 4908 0x000001565310e590 code [0x000001565310e760, 0x000001565310e9b8]
Event: 13.379 Thread 0x0000015667b96d20 4910       3       java.util.stream.AbstractPipeline::evaluate (44 bytes)
Event: 13.379 Thread 0x0000015667b98f30 nmethod 4906 0x00000156530a0610 code [0x00000156530a0800, 0x00000156530a0e58]
Event: 13.379 Thread 0x0000015667b973f0 nmethod 4909 0x0000015653107a10 code [0x0000015653107c40, 0x00000156531081f8]
Event: 13.379 Thread 0x0000015667b973f0 4912       3       java.util.stream.Nodes::builder (30 bytes)
Event: 13.379 Thread 0x0000015667b98f30 4911       3       java.util.stream.ReferencePipeline::makeNodeBuilder (6 bytes)
Event: 13.379 Thread 0x0000015667b98f30 nmethod 4911 0x0000015653758610 code [0x00000156537587c0, 0x0000015653758900]
Event: 13.379 Thread 0x0000015667b98f30 4914   !   3       java.lang.ClassLoader::addClass (27 bytes)
Event: 13.379 Thread 0x0000015667b96d20 nmethod 4910 0x000001565300c790 code [0x000001565300c9e0, 0x000001565300d2f0]
Event: 13.379 Thread 0x0000015667b973f0 nmethod 4912 0x000001565323b890 code [0x000001565323ba80, 0x000001565323c038]
Event: 13.379 Thread 0x0000015667b96d20 4913       3       java.util.stream.Nodes::flatten (70 bytes)
Event: 13.379 Thread 0x0000015667b98f30 nmethod 4914 0x0000015653243b90 code [0x0000015653243d80, 0x0000015653244370]
Event: 13.379 Thread 0x0000015667b96d20 nmethod 4913 0x0000015653097710 code [0x0000015653097960, 0x00000156530981a0]
Event: 13.424 Thread 0x0000015667b96d20 4916       3       org.eclipse.core.internal.jobs.JobListeners::getJobListenerTimeout (4 bytes)
Event: 13.424 Thread 0x0000015667b96d20 nmethod 4916 0x0000015653521f10 code [0x00000156535220a0, 0x0000015653522198]
Event: 13.456 Thread 0x0000015667b98f30 4917       3       java.util.regex.Pattern::atom (422 bytes)
Event: 13.547 Thread 0x0000015667b96d20 4918       3       java.util.regex.Pattern$$Lambda/0x0000015601068548::is (5 bytes)
Event: 13.547 Thread 0x0000015667b973f0 4919       3       java.util.regex.Pattern::lambda$DOT$11 (34 bytes)

GC Heap History (20 events):
Event: 8.123 GC heap before
{Heap before GC invocations=6 (full 0):
 PSYoungGen      total 29184K, used 29169K [0x00000000d5580000, 0x00000000d7a00000, 0x0000000100000000)
  eden space 25088K, 100% used [0x00000000d5580000,0x00000000d6e00000,0x00000000d6e00000)
  from space 4096K, 99% used [0x00000000d6e80000,0x00000000d727c760,0x00000000d7280000)
  to   space 6144K, 0% used [0x00000000d7400000,0x00000000d7400000,0x00000000d7a00000)
 ParOldGen       total 68608K, used 7996K [0x0000000080000000, 0x0000000084300000, 0x00000000d5580000)
  object space 68608K, 11% used [0x0000000080000000,0x00000000807cf378,0x0000000084300000)
 Metaspace       used 18706K, committed 19456K, reserved 1114112K
  class space    used 1951K, committed 2240K, reserved 1048576K
}
Event: 8.126 GC heap after
{Heap after GC invocations=6 (full 0):
 PSYoungGen      total 30208K, used 5430K [0x00000000d5580000, 0x00000000d7980000, 0x0000000100000000)
  eden space 24576K, 0% used [0x00000000d5580000,0x00000000d5580000,0x00000000d6d80000)
  from space 5632K, 96% used [0x00000000d7400000,0x00000000d794db78,0x00000000d7980000)
  to   space 5632K, 0% used [0x00000000d6e80000,0x00000000d6e80000,0x00000000d7400000)
 ParOldGen       total 68608K, used 8004K [0x0000000080000000, 0x0000000084300000, 0x00000000d5580000)
  object space 68608K, 11% used [0x0000000080000000,0x00000000807d1378,0x0000000084300000)
 Metaspace       used 18706K, committed 19456K, reserved 1114112K
  class space    used 1951K, committed 2240K, reserved 1048576K
}
Event: 8.294 GC heap before
{Heap before GC invocations=7 (full 0):
 PSYoungGen      total 30208K, used 25817K [0x00000000d5580000, 0x00000000d7980000, 0x0000000100000000)
  eden space 24576K, 82% used [0x00000000d5580000,0x00000000d6968b80,0x00000000d6d80000)
  from space 5632K, 96% used [0x00000000d7400000,0x00000000d794db78,0x00000000d7980000)
  to   space 5632K, 0% used [0x00000000d6e80000,0x00000000d6e80000,0x00000000d7400000)
 ParOldGen       total 68608K, used 8004K [0x0000000080000000, 0x0000000084300000, 0x00000000d5580000)
  object space 68608K, 11% used [0x0000000080000000,0x00000000807d1378,0x0000000084300000)
 Metaspace       used 20705K, committed 21504K, reserved 1114112K
  class space    used 2183K, committed 2496K, reserved 1048576K
}
Event: 8.297 GC heap after
{Heap after GC invocations=7 (full 0):
 PSYoungGen      total 29184K, used 4383K [0x00000000d5580000, 0x00000000d7780000, 0x0000000100000000)
  eden space 24576K, 0% used [0x00000000d5580000,0x00000000d5580000,0x00000000d6d80000)
  from space 4608K, 95% used [0x00000000d6e80000,0x00000000d72c7c70,0x00000000d7300000)
  to   space 4608K, 0% used [0x00000000d7300000,0x00000000d7300000,0x00000000d7780000)
 ParOldGen       total 68608K, used 9998K [0x0000000080000000, 0x0000000084300000, 0x00000000d5580000)
  object space 68608K, 14% used [0x0000000080000000,0x00000000809c3b70,0x0000000084300000)
 Metaspace       used 20705K, committed 21504K, reserved 1114112K
  class space    used 2183K, committed 2496K, reserved 1048576K
}
Event: 8.297 GC heap before
{Heap before GC invocations=8 (full 1):
 PSYoungGen      total 29184K, used 4383K [0x00000000d5580000, 0x00000000d7780000, 0x0000000100000000)
  eden space 24576K, 0% used [0x00000000d5580000,0x00000000d5580000,0x00000000d6d80000)
  from space 4608K, 95% used [0x00000000d6e80000,0x00000000d72c7c70,0x00000000d7300000)
  to   space 4608K, 0% used [0x00000000d7300000,0x00000000d7300000,0x00000000d7780000)
 ParOldGen       total 68608K, used 9998K [0x0000000080000000, 0x0000000084300000, 0x00000000d5580000)
  object space 68608K, 14% used [0x0000000080000000,0x00000000809c3b70,0x0000000084300000)
 Metaspace       used 20705K, committed 21504K, reserved 1114112K
  class space    used 2183K, committed 2496K, reserved 1048576K
}
Event: 8.320 GC heap after
{Heap after GC invocations=8 (full 1):
 PSYoungGen      total 29184K, used 0K [0x00000000d5580000, 0x00000000d7780000, 0x0000000100000000)
  eden space 24576K, 0% used [0x00000000d5580000,0x00000000d5580000,0x00000000d6d80000)
  from space 4608K, 0% used [0x00000000d6e80000,0x00000000d6e80000,0x00000000d7300000)
  to   space 4608K, 0% used [0x00000000d7300000,0x00000000d7300000,0x00000000d7780000)
 ParOldGen       total 68608K, used 13573K [0x0000000080000000, 0x0000000084300000, 0x00000000d5580000)
  object space 68608K, 19% used [0x0000000080000000,0x0000000080d416c8,0x0000000084300000)
 Metaspace       used 20692K, committed 21504K, reserved 1114112K
  class space    used 2180K, committed 2496K, reserved 1048576K
}
Event: 8.458 GC heap before
{Heap before GC invocations=9 (full 1):
 PSYoungGen      total 29184K, used 24492K [0x00000000d5580000, 0x00000000d7780000, 0x0000000100000000)
  eden space 24576K, 99% used [0x00000000d5580000,0x00000000d6d6b160,0x00000000d6d80000)
  from space 4608K, 0% used [0x00000000d6e80000,0x00000000d6e80000,0x00000000d7300000)
  to   space 4608K, 0% used [0x00000000d7300000,0x00000000d7300000,0x00000000d7780000)
 ParOldGen       total 68608K, used 13573K [0x0000000080000000, 0x0000000084300000, 0x00000000d5580000)
  object space 68608K, 19% used [0x0000000080000000,0x0000000080d416c8,0x0000000084300000)
 Metaspace       used 23072K, committed 23936K, reserved 1114112K
  class space    used 2351K, committed 2752K, reserved 1048576K
}
Event: 8.458 GC heap after
{Heap after GC invocations=9 (full 1):
 PSYoungGen      total 25088K, used 906K [0x00000000d5580000, 0x00000000d7400000, 0x0000000100000000)
  eden space 24064K, 0% used [0x00000000d5580000,0x00000000d5580000,0x00000000d6d00000)
  from space 1024K, 88% used [0x00000000d7300000,0x00000000d73e2a98,0x00000000d7400000)
  to   space 2560K, 0% used [0x00000000d6f00000,0x00000000d6f00000,0x00000000d7180000)
 ParOldGen       total 68608K, used 13581K [0x0000000080000000, 0x0000000084300000, 0x00000000d5580000)
  object space 68608K, 19% used [0x0000000080000000,0x0000000080d436c8,0x0000000084300000)
 Metaspace       used 23072K, committed 23936K, reserved 1114112K
  class space    used 2351K, committed 2752K, reserved 1048576K
}
Event: 8.666 GC heap before
{Heap before GC invocations=10 (full 1):
 PSYoungGen      total 25088K, used 24970K [0x00000000d5580000, 0x00000000d7400000, 0x0000000100000000)
  eden space 24064K, 100% used [0x00000000d5580000,0x00000000d6d00000,0x00000000d6d00000)
  from space 1024K, 88% used [0x00000000d7300000,0x00000000d73e2a98,0x00000000d7400000)
  to   space 2560K, 0% used [0x00000000d6f00000,0x00000000d6f00000,0x00000000d7180000)
 ParOldGen       total 68608K, used 13581K [0x0000000080000000, 0x0000000084300000, 0x00000000d5580000)
  object space 68608K, 19% used [0x0000000080000000,0x0000000080d436c8,0x0000000084300000)
 Metaspace       used 26534K, committed 27328K, reserved 1114112K
  class space    used 2604K, committed 2944K, reserved 1048576K
}
Event: 8.668 GC heap after
{Heap after GC invocations=10 (full 1):
 PSYoungGen      total 26112K, used 1825K [0x00000000d5580000, 0x00000000d7380000, 0x0000000100000000)
  eden space 23552K, 0% used [0x00000000d5580000,0x00000000d5580000,0x00000000d6c80000)
  from space 2560K, 71% used [0x00000000d6f00000,0x00000000d70c86c0,0x00000000d7180000)
  to   space 2048K, 0% used [0x00000000d7180000,0x00000000d7180000,0x00000000d7380000)
 ParOldGen       total 68608K, used 14370K [0x0000000080000000, 0x0000000084300000, 0x00000000d5580000)
  object space 68608K, 20% used [0x0000000080000000,0x0000000080e08bd8,0x0000000084300000)
 Metaspace       used 26534K, committed 27328K, reserved 1114112K
  class space    used 2604K, committed 2944K, reserved 1048576K
}
Event: 8.848 GC heap before
{Heap before GC invocations=11 (full 1):
 PSYoungGen      total 26112K, used 25377K [0x00000000d5580000, 0x00000000d7380000, 0x0000000100000000)
  eden space 23552K, 100% used [0x00000000d5580000,0x00000000d6c80000,0x00000000d6c80000)
  from space 2560K, 71% used [0x00000000d6f00000,0x00000000d70c86c0,0x00000000d7180000)
  to   space 2048K, 0% used [0x00000000d7180000,0x00000000d7180000,0x00000000d7380000)
 ParOldGen       total 68608K, used 14370K [0x0000000080000000, 0x0000000084300000, 0x00000000d5580000)
  object space 68608K, 20% used [0x0000000080000000,0x0000000080e08bd8,0x0000000084300000)
 Metaspace       used 28438K, committed 29312K, reserved 1114112K
  class space    used 2759K, committed 3136K, reserved 1048576K
}
Event: 8.850 GC heap after
{Heap after GC invocations=11 (full 1):
 PSYoungGen      total 25088K, used 2027K [0x00000000d5580000, 0x00000000d7380000, 0x0000000100000000)
  eden space 23040K, 0% used [0x00000000d5580000,0x00000000d5580000,0x00000000d6c00000)
  from space 2048K, 98% used [0x00000000d7180000,0x00000000d737ad38,0x00000000d7380000)
  to   space 3072K, 0% used [0x00000000d6d80000,0x00000000d6d80000,0x00000000d7080000)
 ParOldGen       total 68608K, used 14958K [0x0000000080000000, 0x0000000084300000, 0x00000000d5580000)
  object space 68608K, 21% used [0x0000000080000000,0x0000000080e9ba70,0x0000000084300000)
 Metaspace       used 28438K, committed 29312K, reserved 1114112K
  class space    used 2759K, committed 3136K, reserved 1048576K
}
Event: 11.153 GC heap before
{Heap before GC invocations=12 (full 1):
 PSYoungGen      total 25088K, used 25012K [0x00000000d5580000, 0x00000000d7380000, 0x0000000100000000)
  eden space 23040K, 99% used [0x00000000d5580000,0x00000000d6bf25f0,0x00000000d6c00000)
  from space 2048K, 98% used [0x00000000d7180000,0x00000000d737ad38,0x00000000d7380000)
  to   space 3072K, 0% used [0x00000000d6d80000,0x00000000d6d80000,0x00000000d7080000)
 ParOldGen       total 68608K, used 14958K [0x0000000080000000, 0x0000000084300000, 0x00000000d5580000)
  object space 68608K, 21% used [0x0000000080000000,0x0000000080e9ba70,0x0000000084300000)
 Metaspace       used 31446K, committed 32512K, reserved 1114112K
  class space    used 3152K, committed 3584K, reserved 1048576K
}
Event: 11.155 GC heap after
{Heap after GC invocations=12 (full 1):
 PSYoungGen      total 24576K, used 1800K [0x00000000d5580000, 0x00000000d7200000, 0x0000000100000000)
  eden space 22528K, 0% used [0x00000000d5580000,0x00000000d5580000,0x00000000d6b80000)
  from space 2048K, 87% used [0x00000000d6d80000,0x00000000d6f42088,0x00000000d6f80000)
  to   space 2560K, 0% used [0x00000000d6f80000,0x00000000d6f80000,0x00000000d7200000)
 ParOldGen       total 68608K, used 16954K [0x0000000080000000, 0x0000000084300000, 0x00000000d5580000)
  object space 68608K, 24% used [0x0000000080000000,0x000000008108e800,0x0000000084300000)
 Metaspace       used 31446K, committed 32512K, reserved 1114112K
  class space    used 3152K, committed 3584K, reserved 1048576K
}
Event: 12.248 GC heap before
{Heap before GC invocations=13 (full 1):
 PSYoungGen      total 24576K, used 24299K [0x00000000d5580000, 0x00000000d7200000, 0x0000000100000000)
  eden space 22528K, 99% used [0x00000000d5580000,0x00000000d6b78f60,0x00000000d6b80000)
  from space 2048K, 87% used [0x00000000d6d80000,0x00000000d6f42088,0x00000000d6f80000)
  to   space 2560K, 0% used [0x00000000d6f80000,0x00000000d6f80000,0x00000000d7200000)
 ParOldGen       total 68608K, used 16954K [0x0000000080000000, 0x0000000084300000, 0x00000000d5580000)
  object space 68608K, 24% used [0x0000000080000000,0x000000008108e800,0x0000000084300000)
 Metaspace       used 34165K, committed 35264K, reserved 1114112K
  class space    used 3494K, committed 3968K, reserved 1048576K
}
Event: 12.249 GC heap after
{Heap after GC invocations=13 (full 1):
 PSYoungGen      total 24064K, used 1744K [0x00000000d5580000, 0x00000000d7180000, 0x0000000100000000)
  eden space 22016K, 0% used [0x00000000d5580000,0x00000000d5580000,0x00000000d6b00000)
  from space 2048K, 85% used [0x00000000d6f80000,0x00000000d7134010,0x00000000d7180000)
  to   space 2048K, 0% used [0x00000000d6d80000,0x00000000d6d80000,0x00000000d6f80000)
 ParOldGen       total 68608K, used 18409K [0x0000000080000000, 0x0000000084300000, 0x00000000d5580000)
  object space 68608K, 26% used [0x0000000080000000,0x00000000811fa540,0x0000000084300000)
 Metaspace       used 34165K, committed 35264K, reserved 1114112K
  class space    used 3494K, committed 3968K, reserved 1048576K
}
Event: 13.286 GC heap before
{Heap before GC invocations=14 (full 1):
 PSYoungGen      total 24064K, used 7032K [0x00000000d5580000, 0x00000000d7180000, 0x0000000100000000)
  eden space 22016K, 24% used [0x00000000d5580000,0x00000000d5aaa2a8,0x00000000d6b00000)
  from space 2048K, 85% used [0x00000000d6f80000,0x00000000d7134010,0x00000000d7180000)
  to   space 2048K, 0% used [0x00000000d6d80000,0x00000000d6d80000,0x00000000d6f80000)
 ParOldGen       total 68608K, used 18409K [0x0000000080000000, 0x0000000084300000, 0x00000000d5580000)
  object space 68608K, 26% used [0x0000000080000000,0x00000000811fa540,0x0000000084300000)
 Metaspace       used 34744K, committed 35840K, reserved 1114112K
  class space    used 3586K, committed 4032K, reserved 1048576K
}
Event: 13.287 GC heap after
{Heap after GC invocations=14 (full 1):
 PSYoungGen      total 22528K, used 416K [0x00000000d5580000, 0x00000000d7000000, 0x0000000100000000)
  eden space 22016K, 0% used [0x00000000d5580000,0x00000000d5580000,0x00000000d6b00000)
  from space 512K, 81% used [0x00000000d6d80000,0x00000000d6de8000,0x00000000d6e00000)
  to   space 1024K, 0% used [0x00000000d6f00000,0x00000000d6f00000,0x00000000d7000000)
 ParOldGen       total 68608K, used 19985K [0x0000000080000000, 0x0000000084300000, 0x00000000d5580000)
  object space 68608K, 29% used [0x0000000080000000,0x0000000081384580,0x0000000084300000)
 Metaspace       used 34744K, committed 35840K, reserved 1114112K
  class space    used 3586K, committed 4032K, reserved 1048576K
}
Event: 13.287 GC heap before
{Heap before GC invocations=15 (full 2):
 PSYoungGen      total 22528K, used 416K [0x00000000d5580000, 0x00000000d7000000, 0x0000000100000000)
  eden space 22016K, 0% used [0x00000000d5580000,0x00000000d5580000,0x00000000d6b00000)
  from space 512K, 81% used [0x00000000d6d80000,0x00000000d6de8000,0x00000000d6e00000)
  to   space 1024K, 0% used [0x00000000d6f00000,0x00000000d6f00000,0x00000000d7000000)
 ParOldGen       total 68608K, used 19985K [0x0000000080000000, 0x0000000084300000, 0x00000000d5580000)
  object space 68608K, 29% used [0x0000000080000000,0x0000000081384580,0x0000000084300000)
 Metaspace       used 34744K, committed 35840K, reserved 1114112K
  class space    used 3586K, committed 4032K, reserved 1048576K
}
Event: 13.306 GC heap after
{Heap after GC invocations=15 (full 2):
 PSYoungGen      total 22528K, used 0K [0x00000000d5580000, 0x00000000d7000000, 0x0000000100000000)
  eden space 22016K, 0% used [0x00000000d5580000,0x00000000d5580000,0x00000000d6b00000)
  from space 512K, 0% used [0x00000000d6d80000,0x00000000d6d80000,0x00000000d6e00000)
  to   space 1024K, 0% used [0x00000000d6f00000,0x00000000d6f00000,0x00000000d7000000)
 ParOldGen       total 68608K, used 19238K [0x0000000080000000, 0x0000000084300000, 0x00000000d5580000)
  object space 68608K, 28% used [0x0000000080000000,0x00000000812c9bd0,0x0000000084300000)
 Metaspace       used 34744K, committed 35840K, reserved 1114112K
  class space    used 3586K, committed 4032K, reserved 1048576K
}

Dll operation events (10 events):
Event: 0.008 Loaded shared library c:\Users\Aditya\.antigravity\extensions\redhat.java-1.54.0-win32-x64\jre\21.0.10-win32-x86_64\bin\java.dll
Event: 0.065 Loaded shared library c:\Users\Aditya\.antigravity\extensions\redhat.java-1.54.0-win32-x64\jre\21.0.10-win32-x86_64\bin\zip.dll
Event: 0.083 Loaded shared library C:\Users\Aditya\.antigravity\extensions\redhat.java-1.54.0-win32-x64\jre\21.0.10-win32-x86_64\bin\instrument.dll
Event: 0.088 Loaded shared library C:\Users\Aditya\.antigravity\extensions\redhat.java-1.54.0-win32-x64\jre\21.0.10-win32-x86_64\bin\net.dll
Event: 0.090 Loaded shared library C:\Users\Aditya\.antigravity\extensions\redhat.java-1.54.0-win32-x64\jre\21.0.10-win32-x86_64\bin\nio.dll
Event: 0.094 Loaded shared library C:\Users\Aditya\.antigravity\extensions\redhat.java-1.54.0-win32-x64\jre\21.0.10-win32-x86_64\bin\zip.dll
Event: 0.111 Loaded shared library C:\Users\Aditya\.antigravity\extensions\redhat.java-1.54.0-win32-x64\jre\21.0.10-win32-x86_64\bin\jimage.dll
Event: 0.178 Loaded shared library c:\Users\Aditya\.antigravity\extensions\redhat.java-1.54.0-win32-x64\jre\21.0.10-win32-x86_64\bin\verify.dll
Event: 1.197 Loaded shared library C:\Users\Aditya\AppData\Roaming\Antigravity\User\globalStorage\redhat.java\1.54.0\config_win\org.eclipse.equinox.launcher\org.eclipse.equinox.launcher.win32.win32.x86_64_1.3.0.v20260203-2149\eclipse_11919.dll
Event: 7.865 Loaded shared library C:\Users\Aditya\AppData\Local\Temp\jna-1956490294\jna5275718267398447836.dll

Deoptimization events (20 events):
Event: 12.249 Thread 0x000001566e35f5e0 DEOPT PACKING pc=0x000001565ad3c48c sp=0x000000118d3fdd90
Event: 12.249 Thread 0x000001566e35f5e0 DEOPT UNPACKING pc=0x000001565a4a3aa2 sp=0x000000118d3fdd20 mode 2
Event: 12.249 Thread 0x000001566e35f5e0 Uncommon trap: trap_request=0xffffff45 fr.pc=0x000001565ac06a44 relative=0x0000000000000184
Event: 12.249 Thread 0x000001566e35f5e0 Uncommon trap: reason=unstable_if action=reinterpret pc=0x000001565ac06a44 method=java.util.concurrent.ConcurrentHashMap.get(Ljava/lang/Object;)Ljava/lang/Object; @ 152 c2
Event: 12.249 Thread 0x000001566e35f5e0 DEOPT PACKING pc=0x000001565ac06a44 sp=0x000000118d3fdc40
Event: 12.249 Thread 0x000001566e35f5e0 DEOPT UNPACKING pc=0x000001565a4a3aa2 sp=0x000000118d3fdba8 mode 2
Event: 12.252 Thread 0x000001566e35f5e0 DEOPT PACKING pc=0x00000156539e2526 sp=0x000000118d3fe960
Event: 12.252 Thread 0x000001566e35f5e0 DEOPT UNPACKING pc=0x000001565a4a4242 sp=0x000000118d3fde50 mode 0
Event: 13.342 Thread 0x000001566e3616b0 Uncommon trap: trap_request=0xffffff45 fr.pc=0x000001565ac62950 relative=0x0000000000000890
Event: 13.342 Thread 0x000001566e3616b0 Uncommon trap: reason=unstable_if action=reinterpret pc=0x000001565ac62950 method=jdk.internal.org.objectweb.asm.SymbolTable.put(Ljdk/internal/org/objectweb/asm/SymbolTable$Entry;)Ljdk/internal/org/objectweb/asm/SymbolTable$Entry; @ 13 c2
Event: 13.342 Thread 0x000001566e3616b0 DEOPT PACKING pc=0x000001565ac62950 sp=0x000000118d0fd970
Event: 13.342 Thread 0x000001566e3616b0 DEOPT UNPACKING pc=0x000001565a4a3aa2 sp=0x000000118d0fd888 mode 2
Event: 13.372 Thread 0x000001566e3616b0 Uncommon trap: trap_request=0xffffff45 fr.pc=0x000001565acd29d4 relative=0x0000000000000134
Event: 13.372 Thread 0x000001566e3616b0 Uncommon trap: reason=unstable_if action=reinterpret pc=0x000001565acd29d4 method=java.util.ArrayList.indexOfRange(Ljava/lang/Object;II)I @ 7 c2
Event: 13.372 Thread 0x000001566e3616b0 DEOPT PACKING pc=0x000001565acd29d4 sp=0x000000118d0fe5e0
Event: 13.372 Thread 0x000001566e3616b0 DEOPT UNPACKING pc=0x000001565a4a3aa2 sp=0x000000118d0fe4a0 mode 2
Event: 13.379 Thread 0x000001566e3616b0 Uncommon trap: trap_request=0xffffff45 fr.pc=0x000001565acc4ab0 relative=0x0000000000000110
Event: 13.379 Thread 0x000001566e3616b0 Uncommon trap: reason=unstable_if action=reinterpret pc=0x000001565acc4ab0 method=java.util.ArrayList.indexOfRange(Ljava/lang/Object;II)I @ 7 c2
Event: 13.379 Thread 0x000001566e3616b0 DEOPT PACKING pc=0x000001565acc4ab0 sp=0x000000118d0fe580
Event: 13.379 Thread 0x000001566e3616b0 DEOPT UNPACKING pc=0x000001565a4a3aa2 sp=0x000000118d0fe500 mode 2

Classes loaded (20 events):
Event: 12.257 Loading class sun/reflect/generics/tree/MethodTypeSignature
Event: 12.257 Loading class sun/reflect/generics/tree/MethodTypeSignature done
Event: 12.263 Loading class java/lang/Deprecated
Event: 12.263 Loading class java/lang/Deprecated done
Event: 12.263 Loading class jdk/internal/vm/annotation/IntrinsicCandidate
Event: 12.263 Loading class jdk/internal/vm/annotation/IntrinsicCandidate done
Event: 13.317 Loading class java/lang/annotation/ElementType
Event: 13.317 Loading class java/lang/annotation/ElementType done
Event: 13.323 Loading class sun/reflect/generics/tree/BottomSignature
Event: 13.323 Loading class sun/reflect/generics/tree/BottomSignature done
Event: 13.323 Loading class sun/reflect/generics/tree/Wildcard
Event: 13.323 Loading class sun/reflect/generics/tree/Wildcard done
Event: 13.323 Loading class sun/reflect/generics/reflectiveObjects/WildcardTypeImpl
Event: 13.323 Loading class sun/reflect/generics/reflectiveObjects/WildcardTypeImpl done
Event: 13.353 Loading class sun/reflect/generics/tree/ArrayTypeSignature
Event: 13.353 Loading class sun/reflect/generics/tree/ArrayTypeSignature done
Event: 13.358 Loading class sun/reflect/generics/tree/BooleanSignature
Event: 13.358 Loading class sun/reflect/generics/tree/BooleanSignature done
Event: 13.362 Loading class java/lang/annotation/IncompleteAnnotationException
Event: 13.362 Loading class java/lang/annotation/IncompleteAnnotationException done

Classes unloaded (7 events):
Event: 8.301 Thread 0x000001564fd94350 Unloading class 0x00000156011aa800 'java/lang/invoke/LambdaForm$MH+0x00000156011aa800'
Event: 8.301 Thread 0x000001564fd94350 Unloading class 0x00000156011aa400 'java/lang/invoke/LambdaForm$MH+0x00000156011aa400'
Event: 8.301 Thread 0x000001564fd94350 Unloading class 0x00000156011aa000 'java/lang/invoke/LambdaForm$MH+0x00000156011aa000'
Event: 8.301 Thread 0x000001564fd94350 Unloading class 0x00000156011a9c00 'java/lang/invoke/LambdaForm$MH+0x00000156011a9c00'
Event: 8.301 Thread 0x000001564fd94350 Unloading class 0x00000156011a9800 'java/lang/invoke/LambdaForm$BMH+0x00000156011a9800'
Event: 8.301 Thread 0x000001564fd94350 Unloading class 0x00000156011a9400 'java/lang/invoke/LambdaForm$DMH+0x00000156011a9400'
Event: 8.301 Thread 0x000001564fd94350 Unloading class 0x00000156011a8000 'java/lang/invoke/LambdaForm$DMH+0x00000156011a8000'

Classes redefined (0 events):
No events

Internal exceptions (20 events):
Event: 10.054 Thread 0x000001566e3616b0 Exception <a 'java/lang/NoSuchMethodError'{0x00000000d5ddc030}: 'int java.lang.invoke.Invokers$Holder.linkToTargetMethod(java.lang.Object, java.lang.Object)'> (0x00000000d5ddc030) 
thrown [s\src\hotspot\share\interpreter\linkResolver.cpp, line 773]
Event: 10.055 Thread 0x000001566e361020 Exception <a 'java/lang/NoSuchMethodError'{0x00000000d5dee780}: 'int java.lang.invoke.DirectMethodHandle$Holder.invokeSpecial(java.lang.Object, java.lang.Object, java.lang.Object, java.lang.Object)'> (0x00000000d5dee780) 
thrown [s\src\hotspot\share\interpreter\linkResolver.cpp, line 773]
Event: 10.056 Thread 0x000001566e361020 Exception <a 'java/lang/NoSuchMethodError'{0x00000000d5e751a8}: 'java.lang.Object java.lang.invoke.DirectMethodHandle$Holder.invokeStatic(java.lang.Object, int, java.lang.Object, java.lang.Object)'> (0x00000000d5e751a8) 
thrown [s\src\hotspot\share\interpreter\linkResolver.cpp, line 773]
Event: 10.056 Thread 0x000001566e361020 Exception <a 'java/lang/NoSuchMethodError'{0x00000000d5e80270}: 'java.lang.Object java.lang.invoke.DelegatingMethodHandle$Holder.delegate(java.lang.Object, int, java.lang.Object, java.lang.Object)'> (0x00000000d5e80270) 
thrown [s\src\hotspot\share\interpreter\linkResolver.cpp, line 773]
Event: 10.058 Thread 0x000001566e361020 Exception <a 'java/lang/NoSuchMethodError'{0x00000000d5ea99f8}: 'int java.lang.invoke.Invokers$Holder.linkToTargetMethod(java.lang.Object, java.lang.Object, java.lang.Object)'> (0x00000000d5ea99f8) 
thrown [s\src\hotspot\share\interpreter\linkResolver.cpp, line 773]
Event: 10.061 Thread 0x000001564feb01f0 Exception <a 'java/lang/UnsatisfiedLinkError'{0x00000000d5e43d38}: The specified procedure could not be found.
> (0x00000000d5e43d38) 
thrown [s\src\hotspot\share\prims\jni.cpp, line 539]
Event: 10.072 Thread 0x000001564feb01f0 Exception <a 'java/io/FileNotFoundException'{0x00000000d5e5bb90}> (0x00000000d5e5bb90) 
thrown [s\src\hotspot\share\prims\jni.cpp, line 520]
Event: 11.096 Thread 0x000001564feb01f0 Exception <a 'java/io/FileNotFoundException'{0x00000000d6090420}> (0x00000000d6090420) 
thrown [s\src\hotspot\share\prims\jni.cpp, line 520]
Event: 11.099 Thread 0x000001566e3616b0 Exception <a 'java/lang/NoSuchMethodError'{0x00000000d611f4d0}: 'java.lang.Object java.lang.invoke.DirectMethodHandle$Holder.invokeSpecialIFC(java.lang.Object, java.lang.Object, java.lang.Object, java.lang.Object)'> (0x00000000d611f4d0) 
thrown [s\src\hotspot\share\interpreter\linkResolver.cpp, line 773]
Event: 11.101 Thread 0x000001564feb01f0 Exception <a 'java/lang/UnsatisfiedLinkError'{0x00000000d60c2600}: The specified procedure could not be found.
> (0x00000000d60c2600) 
thrown [s\src\hotspot\share\prims\jni.cpp, line 539]
Event: 11.158 Thread 0x000001566e360300 Exception <a 'java/lang/NoSuchMethodError'{0x00000000d5652de8}: 'void java.lang.invoke.DirectMethodHandle$Holder.invokeStaticInit(java.lang.Object, java.lang.Object, java.lang.Object, java.lang.Object)'> (0x00000000d5652de8) 
thrown [s\src\hotspot\share\interpreter\linkResolver.cpp, line 773]
Event: 11.185 Thread 0x000001564da376a0 Exception <a 'java/lang/NoSuchMethodError'{0x00000000d5fc3c78}: 'java.lang.Object java.lang.invoke.DirectMethodHandle$Holder.invokeStatic(java.lang.Object, long, java.lang.Object)'> (0x00000000d5fc3c78) 
thrown [s\src\hotspot\share\interpreter\linkResolver.cpp, line 773]
Event: 11.185 Thread 0x000001564da376a0 Exception <a 'java/lang/NoSuchMethodError'{0x00000000d5feaf70}: 'java.lang.Object java.lang.invoke.DirectMethodHandle$Holder.invokeStaticInit(java.lang.Object, long, java.lang.Object)'> (0x00000000d5feaf70) 
thrown [s\src\hotspot\share\interpreter\linkResolver.cpp, line 773]
Event: 11.186 Thread 0x000001564da376a0 Exception <a 'java/lang/NoSuchMethodError'{0x00000000d6043000}: 'java.lang.Object java.lang.invoke.DirectMethodHandle$Holder.newInvokeSpecial(java.lang.Object, long)'> (0x00000000d6043000) 
thrown [s\src\hotspot\share\interpreter\linkResolver.cpp, line 773]
Event: 11.202 Thread 0x000001566e35ef50 Exception <a 'java/io/FileNotFoundException'{0x00000000d66410e8}> (0x00000000d66410e8) 
thrown [s\src\hotspot\share\prims\jni.cpp, line 520]
Event: 12.249 Thread 0x000001566e35f5e0 Implicit null exception at 0x000001565ad3c386 to 0x000001565ad3c47c
Event: 13.362 Thread 0x000001566e3616b0 Exception <a 'java/lang/NoClassDefFoundError'{0x00000000d5e84ac8}: javax/enterprise/inject/Typed> (0x00000000d5e84ac8) 
thrown [s\src\hotspot\share\classfile\systemDictionary.cpp, line 301]
Event: 13.379 Thread 0x000001564da376a0 Exception <a 'java/lang/NoSuchMethodError'{0x00000000d62a3ec0}: 'void java.lang.invoke.DirectMethodHandle$Holder.invokeSpecial(java.lang.Object, java.lang.Object, java.lang.Object, java.lang.Object, java.lang.Object, java.lang.Object)'> (0x00000000d62a3ec0) 
thrown [s\src\hotspot\share\interpreter\linkResolver.cpp, line 773]
Event: 13.380 Thread 0x000001564da376a0 Exception <a 'java/lang/IncompatibleClassChangeError'{0x00000000d62ac470}: Found class java.lang.Object, but interface was expected> (0x00000000d62ac470) 
thrown [s\src\hotspot\share\interpreter\linkResolver.cpp, line 840]
Event: 13.380 Thread 0x000001564da376a0 Exception <a 'java/lang/IncompatibleClassChangeError'{0x00000000d62ae2b8}: Found class java.lang.Object, but interface was expected> (0x00000000d62ae2b8) 
thrown [s\src\hotspot\share\interpreter\linkResolver.cpp, line 840]

ZGC Phase Switch (0 events):
No events

VM Operations (20 events):
Event: 8.972 Executing non-safepoint VM operation: HandshakeAllThreads (Deoptimize) done
Event: 9.981 Executing safepoint VM operation: Cleanup
Event: 10.045 Executing safepoint VM operation: Cleanup done
Event: 10.059 Executing non-safepoint VM operation: HandshakeAllThreads (Deoptimize)
Event: 10.059 Executing non-safepoint VM operation: HandshakeAllThreads (Deoptimize) done
Event: 11.061 Executing safepoint VM operation: Cleanup
Event: 11.093 Executing safepoint VM operation: Cleanup done
Event: 11.152 Executing safepoint VM operation: ParallelGCFailedAllocation (Allocation Failure)
Event: 11.155 Executing safepoint VM operation: ParallelGCFailedAllocation (Allocation Failure) done
Event: 12.161 Executing safepoint VM operation: Cleanup
Event: 12.240 Executing safepoint VM operation: Cleanup done
Event: 12.248 Executing safepoint VM operation: ParallelGCFailedAllocation (Allocation Failure)
Event: 12.249 Executing safepoint VM operation: ParallelGCFailedAllocation (Allocation Failure) done
Event: 13.254 Executing safepoint VM operation: Cleanup
Event: 13.275 Executing safepoint VM operation: Cleanup done
Event: 13.286 Executing safepoint VM operation: CollectForMetadataAllocation (Metadata GC Threshold)
Event: 13.306 Executing safepoint VM operation: CollectForMetadataAllocation (Metadata GC Threshold) done
Event: 13.355 Executing non-safepoint VM operation: HandshakeAllThreads (Deoptimize)
Event: 13.355 Executing non-safepoint VM operation: HandshakeAllThreads (Deoptimize) done
Event: 14.364 Executing safepoint VM operation: Cleanup

Memory protections (0 events):
No events

Nmethod flushes (20 events):
Event: 13.297 Thread 0x000001564fd94350 flushing  nmethod 0x000001565367d010
Event: 13.297 Thread 0x000001564fd94350 flushing  nmethod 0x0000015653683210
Event: 13.297 Thread 0x000001564fd94350 flushing  nmethod 0x0000015653683a10
Event: 13.297 Thread 0x000001564fd94350 flushing  nmethod 0x00000156536a9c10
Event: 13.297 Thread 0x000001564fd94350 flushing  nmethod 0x00000156536e7e90
Event: 13.297 Thread 0x000001564fd94350 flushing  nmethod 0x00000156536e8290
Event: 13.297 Thread 0x000001564fd94350 flushing  nmethod 0x00000156536e8b90
Event: 13.297 Thread 0x000001564fd94350 flushing  nmethod 0x00000156536e9d90
Event: 13.297 Thread 0x000001564fd94350 flushing  nmethod 0x00000156536eaa10
Event: 13.297 Thread 0x000001564fd94350 flushing  nmethod 0x00000156536ebb10
Event: 13.297 Thread 0x000001564fd94350 flushing  nmethod 0x00000156536ec410
Event: 13.297 Thread 0x000001564fd94350 flushing  nmethod 0x00000156536ed910
Event: 13.297 Thread 0x000001564fd94350 flushing  nmethod 0x00000156536edd90
Event: 13.297 Thread 0x000001564fd94350 flushing  nmethod 0x00000156536ef190
Event: 13.297 Thread 0x000001564fd94350 flushing  nmethod 0x00000156536f1b10
Event: 13.297 Thread 0x000001564fd94350 flushing  nmethod 0x00000156536f2490
Event: 13.297 Thread 0x000001564fd94350 flushing  nmethod 0x00000156536f3590
Event: 13.297 Thread 0x000001564fd94350 flushing  nmethod 0x0000015653753210
Event: 13.297 Thread 0x000001564fd94350 flushing  nmethod 0x0000015653758610
Event: 13.297 Thread 0x000001564fd94350 flushing  nmethod 0x0000015653760610

Events (20 events):
Event: 11.163 Thread 0x0000015667b85750 Thread added: 0x0000015667b98f30
Event: 11.170 Thread 0x000001566e35f5e0 Thread added: 0x000001566e361d40
Event: 11.194 Thread 0x000001564da376a0 Thread added: 0x000001566e35e8c0
Event: 11.195 Thread 0x000001564da376a0 Thread added: 0x000001566e3623d0
Event: 11.195 Thread 0x000001564da376a0 Thread added: 0x000001566e362a60
Event: 11.195 Thread 0x000001564da376a0 Thread added: 0x000001566e3630f0
Event: 11.195 Thread 0x000001564da376a0 Thread added: 0x000001566e35fc70
Event: 11.195 Thread 0x000001564da376a0 Thread added: 0x000001566e363780
Event: 11.195 Thread 0x000001564da376a0 Thread added: 0x000001566e3644a0
Event: 11.195 Thread 0x000001564da376a0 Thread added: 0x000001566e363e10
Event: 11.195 Thread 0x000001564da376a0 Thread added: 0x000001566e364b30
Event: 11.195 Thread 0x000001564da376a0 Thread added: 0x000001566e3651c0
Event: 11.195 Thread 0x000001564da376a0 Thread added: 0x000001566e74cc80
Event: 11.195 Thread 0x000001564da376a0 Thread added: 0x000001566e749e90
Event: 11.195 Thread 0x000001564da376a0 Thread added: 0x000001566e74a520
Event: 11.196 Thread 0x000001564da376a0 Thread added: 0x000001566e749800
Event: 11.196 Thread 0x000001564da376a0 Thread added: 0x000001566e74b8d0
Event: 11.196 Thread 0x000001564da376a0 Thread added: 0x000001566e74d9a0
Event: 11.196 Thread 0x000001564da376a0 Thread added: 0x000001566e74d310
Event: 11.224 Thread 0x000001564da376a0 Thread added: 0x000001566e74e030


Dynamic libraries:
0x00007ff774a80000 - 0x00007ff774a8e000 	c:\Users\Aditya\.antigravity\extensions\redhat.java-1.54.0-win32-x64\jre\21.0.10-win32-x86_64\bin\java.exe
0x00007ffe53260000 - 0x00007ffe534c7000 	C:\Windows\SYSTEM32\ntdll.dll
0x00007ffe52530000 - 0x00007ffe525f9000 	C:\Windows\System32\KERNEL32.DLL
0x00007ffe50a90000 - 0x00007ffe50e87000 	C:\Windows\System32\KERNELBASE.dll
0x00007ffe50e90000 - 0x00007ffe50fdb000 	C:\Windows\System32\ucrtbase.dll
0x00007ffe21c90000 - 0x00007ffe21cae000 	c:\Users\Aditya\.antigravity\extensions\redhat.java-1.54.0-win32-x64\jre\21.0.10-win32-x86_64\bin\VCRUNTIME140.dll
0x00007ffe23d50000 - 0x00007ffe23d68000 	c:\Users\Aditya\.antigravity\extensions\redhat.java-1.54.0-win32-x64\jre\21.0.10-win32-x86_64\bin\jli.dll
0x00007ffe51150000 - 0x00007ffe51316000 	C:\Windows\System32\USER32.dll
0x00007ffe4ff70000 - 0x00007ffe4ff97000 	C:\Windows\System32\win32u.dll
0x00007ffe52b80000 - 0x00007ffe52bab000 	C:\Windows\System32\GDI32.dll
0x00007ffe35ee0000 - 0x00007ffe36172000 	C:\Windows\WinSxS\amd64_microsoft.windows.common-controls_6595b64144ccf1df_6.0.26100.8457_none_3e0b2faee331e92d\COMCTL32.dll
0x00007ffe50060000 - 0x00007ffe5018c000 	C:\Windows\System32\gdi32full.dll
0x00007ffe52ad0000 - 0x00007ffe52b79000 	C:\Windows\System32\msvcrt.dll
0x00007ffe4fc90000 - 0x00007ffe4fd33000 	C:\Windows\System32\msvcp_win.dll
0x00007ffe51540000 - 0x00007ffe51572000 	C:\Windows\System32\IMM32.DLL
0x00007ffe22940000 - 0x00007ffe2294c000 	c:\Users\Aditya\.antigravity\extensions\redhat.java-1.54.0-win32-x64\jre\21.0.10-win32-x86_64\bin\vcruntime140_1.dll
0x00007ffdf0400000 - 0x00007ffdf048d000 	c:\Users\Aditya\.antigravity\extensions\redhat.java-1.54.0-win32-x64\jre\21.0.10-win32-x86_64\bin\msvcp140.dll
0x00007ffd83fd0000 - 0x00007ffd84d71000 	c:\Users\Aditya\.antigravity\extensions\redhat.java-1.54.0-win32-x64\jre\21.0.10-win32-x86_64\bin\server\jvm.dll
0x00007ffe51b60000 - 0x00007ffe51c16000 	C:\Windows\System32\ADVAPI32.dll
0x00007ffe52bb0000 - 0x00007ffe52c57000 	C:\Windows\System32\sechost.dll
0x00007ffe52870000 - 0x00007ffe52988000 	C:\Windows\System32\RPCRT4.dll
0x00007ffe526e0000 - 0x00007ffe52760000 	C:\Windows\System32\WS2_32.dll
0x00007ffe47b60000 - 0x00007ffe47b6b000 	C:\Windows\SYSTEM32\VERSION.dll
0x00007ffe4e890000 - 0x00007ffe4e8ee000 	C:\Windows\SYSTEM32\POWRPROF.dll
0x00007ffe4cd40000 - 0x00007ffe4cd76000 	C:\Windows\SYSTEM32\WINMM.dll
0x00007ffe4e870000 - 0x00007ffe4e884000 	C:\Windows\SYSTEM32\UMPDC.dll
0x00007ffe4eb40000 - 0x00007ffe4eb5b000 	C:\Windows\SYSTEM32\kernel.appcore.dll
0x00007ffe228e0000 - 0x00007ffe228ea000 	c:\Users\Aditya\.antigravity\extensions\redhat.java-1.54.0-win32-x64\jre\21.0.10-win32-x86_64\bin\jimage.dll
0x00007ffe4db00000 - 0x00007ffe4dd42000 	C:\Windows\SYSTEM32\DBGHELP.DLL
0x00007ffe517d0000 - 0x00007ffe51b53000 	C:\Windows\System32\combase.dll
0x00007ffe52600000 - 0x00007ffe526d9000 	C:\Windows\System32\OLEAUT32.dll
0x00007ffe31e00000 - 0x00007ffe31e3b000 	C:\Windows\SYSTEM32\dbgcore.DLL
0x00007ffe4fec0000 - 0x00007ffe4ff68000 	C:\Windows\System32\bcryptPrimitives.dll
0x00007ffe21640000 - 0x00007ffe2164f000 	c:\Users\Aditya\.antigravity\extensions\redhat.java-1.54.0-win32-x64\jre\21.0.10-win32-x86_64\bin\instrument.dll
0x00007ffe1f350000 - 0x00007ffe1f370000 	c:\Users\Aditya\.antigravity\extensions\redhat.java-1.54.0-win32-x64\jre\21.0.10-win32-x86_64\bin\java.dll
0x00007ffe51d20000 - 0x00007ffe5248e000 	C:\Windows\System32\SHELL32.dll
0x00007ffe50220000 - 0x00007ffe50a8c000 	C:\Windows\System32\windows.storage.dll
0x00007ffe51c20000 - 0x00007ffe51d16000 	C:\Windows\System32\SHCORE.dll
0x00007ffe529e0000 - 0x00007ffe52a46000 	C:\Windows\System32\shlwapi.dll
0x00007ffe4fbb0000 - 0x00007ffe4fbd9000 	C:\Windows\SYSTEM32\profapi.dll
0x00007ffe1f330000 - 0x00007ffe1f348000 	c:\Users\Aditya\.antigravity\extensions\redhat.java-1.54.0-win32-x64\jre\21.0.10-win32-x86_64\bin\zip.dll
0x00007ffe227f0000 - 0x00007ffe22800000 	C:\Users\Aditya\.antigravity\extensions\redhat.java-1.54.0-win32-x64\jre\21.0.10-win32-x86_64\bin\net.dll
0x00007ffe48710000 - 0x00007ffe48839000 	C:\Windows\SYSTEM32\WINHTTP.dll
0x00007ffe4f0b0000 - 0x00007ffe4f11c000 	C:\Windows\system32\mswsock.dll
0x00007ffe1f0c0000 - 0x00007ffe1f0d6000 	C:\Users\Aditya\.antigravity\extensions\redhat.java-1.54.0-win32-x64\jre\21.0.10-win32-x86_64\bin\nio.dll
0x00007ffe20a00000 - 0x00007ffe20a10000 	c:\Users\Aditya\.antigravity\extensions\redhat.java-1.54.0-win32-x64\jre\21.0.10-win32-x86_64\bin\verify.dll
0x00007ffdfe2b0000 - 0x00007ffdfe2f5000 	C:\Users\Aditya\AppData\Roaming\Antigravity\User\globalStorage\redhat.java\1.54.0\config_win\org.eclipse.equinox.launcher\org.eclipse.equinox.launcher.win32.win32.x86_64_1.3.0.v20260203-2149\eclipse_11919.dll
0x00007ffe51320000 - 0x00007ffe514b7000 	C:\Windows\System32\ole32.dll
0x00007ffe4f3a0000 - 0x00007ffe4f3bb000 	C:\Windows\SYSTEM32\CRYPTSP.dll
0x00007ffe4eaa0000 - 0x00007ffe4ead9000 	C:\Windows\system32\rsaenh.dll
0x00007ffe4f160000 - 0x00007ffe4f193000 	C:\Windows\SYSTEM32\USERENV.dll
0x00007ffe4fb80000 - 0x00007ffe4fbaa000 	C:\Windows\SYSTEM32\bcrypt.dll
0x00007ffe4f390000 - 0x00007ffe4f39c000 	C:\Windows\SYSTEM32\CRYPTBASE.dll
0x00007ffe4e4d0000 - 0x00007ffe4e502000 	C:\Windows\SYSTEM32\IPHLPAPI.DLL
0x00007ffe51590000 - 0x00007ffe5159a000 	C:\Windows\System32\NSI.dll
0x00007ffe1b350000 - 0x00007ffe1b399000 	C:\Users\Aditya\AppData\Local\Temp\jna-1956490294\jna5275718267398447836.dll
0x00007ffe53210000 - 0x00007ffe53218000 	C:\Windows\System32\PSAPI.DLL
0x00007ffe495d0000 - 0x00007ffe495ed000 	C:\Windows\SYSTEM32\dhcpcsvc6.DLL
0x00007ffe495a0000 - 0x00007ffe495c5000 	C:\Windows\SYSTEM32\dhcpcsvc.DLL

JVMTI agents:
c:\Users\Aditya\.antigravity\extensions\redhat.java-1.54.0-win32-x64\lombok\lombok-1.18.39-4050.jar path:c:\Users\Aditya\.antigravity\extensions\redhat.java-1.54.0-win32-x64\jre\21.0.10-win32-x86_64\bin\instrument.dll, loaded, initialized, instrumentlib options:none

dbghelp: loaded successfully - version: 4.0.5 - missing functions: none
symbol engine: initialized successfully - sym options: 0x614 - pdb path: .;c:\Users\Aditya\.antigravity\extensions\redhat.java-1.54.0-win32-x64\jre\21.0.10-win32-x86_64\bin;C:\Windows\SYSTEM32;C:\Windows\WinSxS\amd64_microsoft.windows.common-controls_6595b64144ccf1df_6.0.26100.8457_none_3e0b2faee331e92d;c:\Users\Aditya\.antigravity\extensions\redhat.java-1.54.0-win32-x64\jre\21.0.10-win32-x86_64\bin\server;C:\Users\Aditya\AppData\Roaming\Antigravity\User\globalStorage\redhat.java\1.54.0\config_win\org.eclipse.equinox.launcher\org.eclipse.equinox.launcher.win32.win32.x86_64_1.3.0.v20260203-2149;C:\Users\Aditya\AppData\Local\Temp\jna-1956490294

VM Arguments:
jvm_args: --add-modules=ALL-SYSTEM --add-opens=java.base/java.util=ALL-UNNAMED --add-opens=java.base/java.lang=ALL-UNNAMED --add-opens=java.base/sun.nio.fs=ALL-UNNAMED -Declipse.application=org.eclipse.jdt.ls.core.id1 -Dosgi.bundles.defaultStartLevel=4 -Declipse.product=org.eclipse.jdt.ls.core.product -Djava.import.generatesMetadataFilesAtProjectRoot=false -DDetectVMInstallationsJob.disabled=true -Dfile.encoding=utf8 -XX:+UseParallelGC -XX:GCTimeRatio=4 -XX:AdaptiveSizePolicyWeight=90 -Dsun.zip.disableMemoryMapping=true -Xmx2G -Xms100m -Xlog:disable -javaagent:c:\Users\Aditya\.antigravity\extensions\redhat.java-1.54.0-win32-x64\lombok\lombok-1.18.39-4050.jar -XX:+HeapDumpOnOutOfMemoryError -XX:HeapDumpPath=c:\Users\Aditya\AppData\Roaming\Antigravity\User\workspaceStorage\69aa439137832c700fa45b48b1831ded\redhat.java -Daether.dependencyCollector.impl=bf 
java_command: c:\Users\Aditya\.antigravity\extensions\redhat.java-1.54.0-win32-x64\server\plugins\org.eclipse.equinox.launcher_1.7.100.v20251111-0406.jar -configuration c:\Users\Aditya\AppData\Roaming\Antigravity\User\globalStorage\redhat.java\1.54.0\config_win -data c:\Users\Aditya\AppData\Roaming\Antigravity\User\workspaceStorage\69aa439137832c700fa45b48b1831ded\redhat.java\jdt_ws --pipe=\\.\pipe\lsp-16d70bdaa16fa3ec95e23c19c84ef6d7-sock
java_class_path (initial): c:\Users\Aditya\.antigravity\extensions\redhat.java-1.54.0-win32-x64\server\plugins\org.eclipse.equinox.launcher_1.7.100.v20251111-0406.jar
Launcher Type: SUN_STANDARD

[Global flags]
    uintx AdaptiveSizePolicyWeight                 = 90                                        {product} {command line}
     intx CICompilerCount                          = 12                                        {product} {ergonomic}
    uintx GCTimeRatio                              = 4                                         {product} {command line}
     bool HeapDumpOnOutOfMemoryError               = true                                   {manageable} {command line}
    ccstr HeapDumpPath                             = c:\Users\Aditya\AppData\Roaming\Antigravity\User\workspaceStorage\69aa439137832c700fa45b48b1831ded\redhat.java         {manageable} {command line}
   size_t InitialHeapSize                          = 104857600                                 {product} {command line}
   size_t MaxHeapSize                              = 2147483648                                {product} {command line}
   size_t MaxNewSize                               = 715653120                                 {product} {ergonomic}
   size_t MinHeapDeltaBytes                        = 524288                                    {product} {ergonomic}
   size_t MinHeapSize                              = 104857600                                 {product} {command line}
   size_t NewSize                                  = 34603008                                  {product} {ergonomic}
    uintx NonNMethodCodeHeapSize                   = 7602480                                {pd product} {ergonomic}
    uintx NonProfiledCodeHeapSize                  = 122027880                              {pd product} {ergonomic}
   size_t OldSize                                  = 70254592                                  {product} {ergonomic}
    uintx ProfiledCodeHeapSize                     = 122027880                              {pd product} {ergonomic}
    uintx ReservedCodeCacheSize                    = 251658240                              {pd product} {ergonomic}
     bool SegmentedCodeCache                       = true                                      {product} {ergonomic}
   size_t SoftMaxHeapSize                          = 2147483648                             {manageable} {ergonomic}
     bool UseCompressedOops                        = true                           {product lp64_product} {ergonomic}
     bool UseLargePagesIndividualAllocation        = false                                  {pd product} {ergonomic}
     bool UseParallelGC                            = true                                      {product} {command line}

Logging:
Log output configuration:
 #0: stdout all=off uptime,level,tags foldmultilines=false
 #1: stderr all=off uptime,level,tags foldmultilines=false

Release file:
JAVA_VERSION="21.0.10" 
MODULES="java.base java.compiler java.datatransfer java.xml java.prefs java.desktop java.instrument java.logging java.management java.security.sasl java.naming java.rmi java.management.rmi java.net.http java.scripting java.security.jgss java.transaction.xa java.sql java.sql.rowset java.xml.crypto java.se java.smartcardio jdk.accessibility jdk.internal.jvmstat jdk.attach jdk.charsets jdk.internal.opt jdk.zipfs jdk.compiler jdk.crypto.ec jdk.crypto.cryptoki jdk.crypto.mscapi jdk.dynalink jdk.internal.ed jdk.editpad jdk.hotspot.agent jdk.httpserver jdk.internal.le jdk.internal.vm.ci jdk.internal.vm.compiler jdk.internal.vm.compiler.management jdk.jartool jdk.javadoc jdk.jcmd jdk.management jdk.management.agent jdk.jconsole jdk.jdeps jdk.jdwp.agent jdk.jdi jdk.jfr jdk.jshell jdk.jsobject jdk.jstatd jdk.localedata jdk.management.jfr jdk.naming.dns jdk.naming.rmi jdk.net jdk.nio.mapmode jdk.random jdk.sctp jdk.security.auth jdk.security.jgss jdk.unsupported jdk.unsupported.desktop jdk.xml.dom" 

Environment Variables:
PATH=C:\Program Files\Common Files\Oracle\Java\javapath;C:\Windows\system32;C:\Windows;C:\Windows\System32\Wbem;C:\Windows\System32\WindowsPowerShell\v1.0\;C:\Windows\System32\OpenSSH\;C:\Program Files\dotnet\;C:\Program Files (x86)\NVIDIA Corporation\PhysX\Common;C:\Program Files\NVIDIA Corporation\NVIDIA app\NvDLISR;C:\ProgramData\chocolatey\bin;C:\Program Files\Git\cmd;C:\Program Files\MySQL\MySQL Server 8.0\bin;C:\Program Files\nodejs\;C:\Program Files\Redis\;C:\Users\Aditya\AppData\Local\Programs\Python\Python313\Scripts\;C:\Users\Aditya\AppData\Local\Programs\Python\Python313\;C:\Users\Aditya\AppData\Local\Programs\Python\Launcher\;C:\Program Files\MySQL\MySQL Shell 8.0\bin\;C:\Users\Aditya\AppData\Local\Microsoft\WindowsApps;C:\Users\Aditya\AppData\Local\Programs\Microsoft VS Code\bin;C:\Users\Aditya\Downloads\python-3.13.7;C:\Users\Aditya\Downloads\python-3.13.7\Scripts;C:\Users\Aditya\AppData\Roaming\npm;C:\Users\Aditya\AppData\Local\GitHubDesktop\bin;C:\Users\Aditya\AppData\Local\Programs\Antigravity\bin;D:\DevTools\Antigravity\bin
USERNAME=Aditya
OS=Windows_NT
PROCESSOR_IDENTIFIER=Intel64 Family 6 Model 183 Stepping 1, GenuineIntel
TMP=C:\Users\Aditya\AppData\Local\Temp
TEMP=C:\Users\Aditya\AppData\Local\Temp




Periodic native trim disabled

---------------  S Y S T E M  ---------------

OS:
 Windows 11 , 64 bit Build 26100 (10.0.26100.8328)
OS uptime: 3 days 8:03 hours
Hyper-V role detected

CPU: total 16 (initial active 16) (8 cores per cpu, 2 threads per core) family 6 model 183 stepping 1 microcode 0x133, cx8, cmov, fxsr, ht, mmx, 3dnowpref, sse, sse2, sse3, ssse3, sse4.1, sse4.2, popcnt, lzcnt, tsc, tscinvbit, avx, avx2, aes, erms, clmul, bmi1, bmi2, adx, sha, fma, vzeroupper, clflush, clflushopt, clwb, hv, serialize, rdtscp, rdpid, fsrm, f16c, cet_ibt, cet_ss
Processor Information for the first 16 processors :
  Max Mhz: 2400, Current Mhz: 2400, Mhz Limit: 2400

Memory: 4k page, system-wide physical 7876M (255M free)
TotalPageFile size 31876M (AvailPageFile size 8M)
current process WorkingSet (physical memory assigned to process): 177M, peak: 179M
current process commit charge ("private bytes"): 325M, peak: 327M

vm_info: OpenJDK 64-Bit Server VM (21.0.10+7-LTS) for windows-amd64 JRE (21.0.10+7-LTS), built on 2026-01-20T00:00:00Z by "admin" with MS VC++ 17.12 (VS2022)

END.
