#
# There is insufficient memory for the Java Runtime Environment to continue.
# Native memory allocation (malloc) failed to allocate 1452976 bytes. Error detail: Chunk::new
# Possible reasons:
#   The system is out of physical RAM or swap space
#   This process is running with CompressedOops enabled, and the Java Heap may be blocking the growth of the native heap
# Possible solutions:
#   Reduce memory load on the system
#   Increase physical memory or swap space
#   Check if swap backing store is full
#   Decrease Java heap size (-Xmx/-Xms)
#   Decrease number of Java threads
#   Decrease Java thread stack sizes (-Xss)
#   Set larger code cache with -XX:ReservedCodeCacheSize=
#   JVM is running with Unscaled Compressed Oops mode in which the Java heap is
#     placed in the first 4GB address space. The Java Heap base address is the
#     maximum limit for the native heap growth. Please use -XX:HeapBaseMinAddress
#     to set the Java Heap base and to place the Java Heap above 4GB virtual address.
# This output file may be truncated or incomplete.
#
#  Out of Memory Error (arena.cpp:168), pid=16236, tid=33908
#
# JRE version: OpenJDK Runtime Environment Temurin-21.0.10+7 (21.0.10+7) (build 21.0.10+7-LTS)
# Java VM: OpenJDK 64-Bit Server VM Temurin-21.0.10+7 (21.0.10+7-LTS, mixed mode, sharing, tiered, compressed oops, compressed class ptrs, parallel gc, windows-amd64)
# No core dump will be written. Minidumps are not enabled by default on client versions of Windows
#

---------------  S U M M A R Y ------------

Command Line: --add-modules=ALL-SYSTEM --add-opens=java.base/java.util=ALL-UNNAMED --add-opens=java.base/java.lang=ALL-UNNAMED --add-opens=java.base/sun.nio.fs=ALL-UNNAMED -Declipse.application=org.eclipse.jdt.ls.core.id1 -Dosgi.bundles.defaultStartLevel=4 -Declipse.product=org.eclipse.jdt.ls.core.product -Djava.import.generatesMetadataFilesAtProjectRoot=false -DDetectVMInstallationsJob.disabled=true -Dfile.encoding=utf8 -XX:+UseParallelGC -XX:GCTimeRatio=4 -XX:AdaptiveSizePolicyWeight=90 -Dsun.zip.disableMemoryMapping=true -Xmx2G -Xms100m -Xlog:disable -javaagent:c:\Users\Aditya\.antigravity\extensions\redhat.java-1.54.0-win32-x64\lombok\lombok-1.18.39-4050.jar c:\Users\Aditya\.antigravity\extensions\redhat.java-1.54.0-win32-x64\server\plugins\org.eclipse.equinox.launcher_1.7.100.v20251111-0406.jar -configuration c:\Users\Aditya\AppData\Roaming\Antigravity\User\globalStorage\redhat.java\1.54.0\config_ss_win -data c:\Users\Aditya\AppData\Roaming\Antigravity\User\workspaceStorage\69aa439137832c700fa45b48b1831ded\redhat.java\ss_ws --pipe=\\.\pipe\lsp-1c1c54d395d24012783cc08c5740c834-sock

Host: 13th Gen Intel(R) Core(TM) i5-13450HX, 16 cores, 7G,  Windows 11 , 64 bit Build 26100 (10.0.26100.8328)
Time: Sun May 17 16:22:49 2026 India Standard Time elapsed time: 5.233778 seconds (0d 0h 0m 5s)

---------------  T H R E A D  ---------------

Current thread (0x0000018bc55801b0):  JavaThread "C2 CompilerThread1" daemon [_thread_in_native, id=33908, stack(0x00000011dd600000,0x00000011dd700000) (1024K)]


Current CompileTask:
C2:5233 2717       4       org.lombokweb.asm.ClassReader::readMethod (1070 bytes)

Stack: [0x00000011dd600000,0x00000011dd700000]
Native frames: (J=compiled Java code, j=interpreted, Vv=VM code, C=native code)
V  [jvm.dll+0x6d7a39]
V  [jvm.dll+0x8b4b26]
V  [jvm.dll+0x8b70de]
V  [jvm.dll+0x8b77c3]
V  [jvm.dll+0x284346]
V  [jvm.dll+0xc66ed]
V  [jvm.dll+0xc6c31]
V  [jvm.dll+0x3bec01]
V  [jvm.dll+0x1e3d62]
V  [jvm.dll+0x24c6b3]
V  [jvm.dll+0x24bb40]
V  [jvm.dll+0x1cb34e]
V  [jvm.dll+0x25b85d]
V  [jvm.dll+0x259dea]
V  [jvm.dll+0x3f857e]
V  [jvm.dll+0x85f59d]
V  [jvm.dll+0x6d626d]
C  [ucrtbase.dll+0x37b0]
C  [KERNEL32.DLL+0x2e957]
C  [ntdll.dll+0x427c]


---------------  P R O C E S S  ---------------

Threads class SMR info:
_java_thread_list=0x0000018bff034910, length=20, elements={
0x0000018be52ba240, 0x0000018be53633b0, 0x0000018bfbd6c010, 0x0000018be5364ae0,
0x0000018be5365540, 0x0000018be536a8a0, 0x0000018be536ca20, 0x0000018be5372a90,
0x0000018bfd15dee0, 0x0000018bfd39fc50, 0x0000018bfd4a32a0, 0x0000018bff036bc0,
0x0000018bfef12000, 0x0000018bc5077fc0, 0x0000018bc50d7be0, 0x0000018bc5366cd0,
0x0000018bfd21b3d0, 0x0000018bc54f5e80, 0x0000018bc55801b0, 0x0000018bc5f33d20
}

Java Threads: ( => current thread )
  0x0000018be52ba240 JavaThread "main"                              [_thread_blocked, id=13156, stack(0x00000011db800000,0x00000011db900000) (1024K)]
  0x0000018be53633b0 JavaThread "Reference Handler"          daemon [_thread_blocked, id=6776, stack(0x00000011dbc00000,0x00000011dbd00000) (1024K)]
  0x0000018bfbd6c010 JavaThread "Finalizer"                  daemon [_thread_blocked, id=30256, stack(0x00000011dbd00000,0x00000011dbe00000) (1024K)]
  0x0000018be5364ae0 JavaThread "Signal Dispatcher"          daemon [_thread_blocked, id=20252, stack(0x00000011dbe00000,0x00000011dbf00000) (1024K)]
  0x0000018be5365540 JavaThread "Attach Listener"            daemon [_thread_blocked, id=16044, stack(0x00000011dbf00000,0x00000011dc000000) (1024K)]
  0x0000018be536a8a0 JavaThread "Service Thread"             daemon [_thread_blocked, id=19848, stack(0x00000011dc000000,0x00000011dc100000) (1024K)]
  0x0000018be536ca20 JavaThread "Monitor Deflation Thread"   daemon [_thread_blocked, id=14720, stack(0x00000011dc100000,0x00000011dc200000) (1024K)]
  0x0000018be5372a90 JavaThread "C2 CompilerThread0"         daemon [_thread_blocked, id=27632, stack(0x00000011dc200000,0x00000011dc300000) (1024K)]
  0x0000018bfd15dee0 JavaThread "C1 CompilerThread0"         daemon [_thread_blocked, id=7772, stack(0x00000011dc300000,0x00000011dc400000) (1024K)]
  0x0000018bfd39fc50 JavaThread "Common-Cleaner"             daemon [_thread_blocked, id=13560, stack(0x00000011dc500000,0x00000011dc600000) (1024K)]
  0x0000018bfd4a32a0 JavaThread "Notification Thread"        daemon [_thread_blocked, id=11340, stack(0x00000011dc600000,0x00000011dc700000) (1024K)]
  0x0000018bff036bc0 JavaThread "Active Thread: Equinox Container: ea0c48db-7178-4c16-8426-45e97383c232"        [_thread_blocked, id=2968, stack(0x00000011dcd00000,0x00000011dce00000) (1024K)]
  0x0000018bfef12000 JavaThread "Framework Event Dispatcher: Equinox Container: ea0c48db-7178-4c16-8426-45e97383c232" daemon [_thread_blocked, id=2660, stack(0x00000011dce00000,0x00000011dcf00000) (1024K)]
  0x0000018bc5077fc0 JavaThread "Start Level: Equinox Container: ea0c48db-7178-4c16-8426-45e97383c232" daemon [_thread_blocked, id=28304, stack(0x00000011dd000000,0x00000011dd100000) (1024K)]
  0x0000018bc50d7be0 JavaThread "SCR Component Actor"        daemon [_thread_blocked, id=26620, stack(0x00000011dd100000,0x00000011dd200000) (1024K)]
  0x0000018bc5366cd0 JavaThread "Worker-JM"                         [_thread_blocked, id=33816, stack(0x00000011dd200000,0x00000011dd300000) (1024K)]
  0x0000018bfd21b3d0 JavaThread "Worker-0"                          [_thread_blocked, id=33896, stack(0x00000011dc400000,0x00000011dc500000) (1024K)]
  0x0000018bc54f5e80 JavaThread "Worker-1"                          [_thread_blocked, id=33904, stack(0x00000011dd500000,0x00000011dd600000) (1024K)]
=>0x0000018bc55801b0 JavaThread "C2 CompilerThread1"         daemon [_thread_in_native, id=33908, stack(0x00000011dd600000,0x00000011dd700000) (1024K)]
  0x0000018bc5f33d20 JavaThread "Java indexing"              daemon [_thread_blocked, id=33948, stack(0x00000011ddd00000,0x00000011dde00000) (1024K)]
Total: 20

Other Threads:
  0x0000018bfbd540e0 VMThread "VM Thread"                           [id=22136, stack(0x00000011dbb00000,0x00000011dbc00000) (1024K)]
  0x0000018bfbc4ca00 WatcherThread "VM Periodic Task Thread"        [id=28680, stack(0x00000011dba00000,0x00000011dbb00000) (1024K)]
  0x0000018be52d9130 WorkerThread "GC Thread#0"                     [id=19664, stack(0x00000011db900000,0x00000011dba00000) (1024K)]
  0x0000018bfeecfc40 WorkerThread "GC Thread#1"                     [id=29004, stack(0x00000011dc700000,0x00000011dc800000) (1024K)]
  0x0000018bfeebb2b0 WorkerThread "GC Thread#2"                     [id=33492, stack(0x00000011dc800000,0x00000011dc900000) (1024K)]
  0x0000018bfeed0810 WorkerThread "GC Thread#3"                     [id=33148, stack(0x00000011dc900000,0x00000011dca00000) (1024K)]
  0x0000018bfeed0bc0 WorkerThread "GC Thread#4"                     [id=20380, stack(0x00000011dca00000,0x00000011dcb00000) (1024K)]
  0x0000018bfebe1520 WorkerThread "GC Thread#5"                     [id=33140, stack(0x00000011dcb00000,0x00000011dcc00000) (1024K)]
  0x0000018bfebe18d0 WorkerThread "GC Thread#6"                     [id=32980, stack(0x00000011dcc00000,0x00000011dcd00000) (1024K)]
  0x0000018bfee823f0 WorkerThread "GC Thread#7"                     [id=14608, stack(0x00000011dcf00000,0x00000011dd000000) (1024K)]
  0x0000018bfee827a0 WorkerThread "GC Thread#8"                     [id=33820, stack(0x00000011dd300000,0x00000011dd400000) (1024K)]
  0x0000018bfee83660 WorkerThread "GC Thread#9"                     [id=33824, stack(0x00000011dd400000,0x00000011dd500000) (1024K)]
  0x0000018bfee82f00 WorkerThread "GC Thread#10"                    [id=33916, stack(0x00000011dd800000,0x00000011dd900000) (1024K)]
  0x0000018bfee82b50 WorkerThread "GC Thread#11"                    [id=33920, stack(0x00000011dd900000,0x00000011dda00000) (1024K)]
  0x0000018bfee82040 WorkerThread "GC Thread#12"                    [id=33924, stack(0x00000011dda00000,0x00000011ddb00000) (1024K)]
Total: 15

Threads with active compile tasks:
C2 CompilerThread1  5249 2717       4       org.lombokweb.asm.ClassReader::readMethod (1070 bytes)
Total: 1

VM state: not at safepoint (normal execution)

VM Mutex/Monitor currently owned by a thread: None

Heap address: 0x0000000080000000, size: 2048 MB, Compressed Oops mode: 32-bit

CDS archive(s) mapped at: [0x0000018b80000000-0x0000018b80ba0000-0x0000018b80ba0000), size 12189696, SharedBaseAddress: 0x0000018b80000000, ArchiveRelocationMode: 1.
Compressed class space mapped at: 0x0000018b81000000-0x0000018bc1000000, reserved size: 1073741824
Narrow klass base: 0x0000018b80000000, Narrow klass shift: 0, Narrow klass range: 0x100000000

GC Precious Log:
 CardTable entry size: 512
 CPUs: 16 total, 16 available
 Memory: 7876M
 Large Page Support: Disabled
 NUMA Support: Disabled
 Compressed Oops: Enabled (32-bit)
 Alignments: Space 512K, Generation 512K, Heap 2M
 Heap Min Capacity: 100M
 Heap Initial Capacity: 100M
 Heap Max Capacity: 2G
 Pre-touch: Disabled
 Parallel Workers: 13

Heap:
 PSYoungGen      total 30720K, used 6217K [0x00000000d5580000, 0x00000000d7b00000, 0x0000000100000000)
  eden space 24576K, 25% used [0x00000000d5580000,0x00000000d5b92738,0x00000000d6d80000)
  from space 6144K, 0% used [0x00000000d7400000,0x00000000d7400000,0x00000000d7a00000)
  to   space 6656K, 0% used [0x00000000d6d80000,0x00000000d6d80000,0x00000000d7400000)
 ParOldGen       total 68608K, used 9908K [0x0000000080000000, 0x0000000084300000, 0x00000000d5580000)
  object space 68608K, 14% used [0x0000000080000000,0x00000000809ad358,0x0000000084300000)
 Metaspace       used 21533K, committed 22208K, reserved 1114112K
  class space    used 2061K, committed 2368K, reserved 1048576K

Card table byte_map: [0x0000018be4c60000,0x0000018be5070000] _byte_map_base: 0x0000018be4860000

Marking Bits: (ParMarkBitMap*) 0x00007ffd84c93450
 Begin Bits: [0x0000018bf7770000, 0x0000018bf9770000)
 End Bits:   [0x0000018bf9770000, 0x0000018bfb770000)

Polling page: 0x0000018be3520000

Metaspace:

Usage:
  Non-class:     19.02 MB used.
      Class:      2.01 MB used.
       Both:     21.03 MB used.

Virtual space:
  Non-class space:       64.00 MB reserved,      19.38 MB ( 30%) committed,  1 nodes.
      Class space:        1.00 GB reserved,       2.31 MB ( <1%) committed,  1 nodes.
             Both:        1.06 GB reserved,      21.69 MB (  2%) committed. 

Chunk freelists:
   Non-Class:  12.25 MB
       Class:  13.54 MB
        Both:  25.79 MB

MaxMetaspaceSize: unlimited
CompressedClassSpaceSize: 1.00 GB
Initial GC threshold: 21.00 MB
Current GC threshold: 35.00 MB
CDS: on
 - commit_granule_bytes: 65536.
 - commit_granule_words: 8192.
 - virtual_space_node_default_size: 8388608.
 - enlarge_chunks_in_place: 1.
 - use_allocation_guard: 0.


Internal statistics:

num_allocs_failed_limit: 3.
num_arena_births: 488.
num_arena_deaths: 14.
num_vsnodes_births: 2.
num_vsnodes_deaths: 0.
num_space_committed: 347.
num_space_uncommitted: 0.
num_chunks_returned_to_freelist: 17.
num_chunks_taken_from_freelist: 1301.
num_chunk_merges: 9.
num_chunk_splits: 851.
num_chunks_enlarged: 540.
num_inconsistent_stats: 0.

CodeHeap 'non-profiled nmethods': size=119168Kb used=1182Kb max_used=1182Kb free=117985Kb
 bounds [0x0000018bf0060000, 0x0000018bf02d0000, 0x0000018bf74c0000]
CodeHeap 'profiled nmethods': size=119104Kb used=5950Kb max_used=5950Kb free=113153Kb
 bounds [0x0000018be84c0000, 0x0000018be8a90000, 0x0000018bef910000]
CodeHeap 'non-nmethods': size=7488Kb used=1309Kb max_used=3020Kb free=6178Kb
 bounds [0x0000018bef910000, 0x0000018befc10000, 0x0000018bf0060000]
CodeCache: size=245760Kb, used=8441Kb, max_used=10152Kb, free=237316Kb
 total_blobs=3530, nmethods=2940, adapters=496, full_count=0
Compilation: enabled, stopped_count=0, restarted_count=0

Compilation events (20 events):
Event: 4.208 Thread 0x0000018bc6070120 nmethod 2929 0x0000018be8a88810 code [0x0000018be8a889c0, 0x0000018be8a88ce0]
Event: 4.208 Thread 0x0000018bfd15dee0 2928       3       java.util.TreeMap$Entry::<init> (25 bytes)
Event: 4.208 Thread 0x0000018bc6070120 2931       3       java.lang.AbstractStringBuilder::append (45 bytes)
Event: 4.208 Thread 0x0000018bfd15dee0 nmethod 2928 0x0000018be8a88d90 code [0x0000018be8a88f40, 0x0000018be8a890f0]
Event: 4.209 Thread 0x0000018bc6070120 nmethod 2931 0x0000018be8a89190 code [0x0000018be8a893a0, 0x0000018be8a898c8]
Event: 4.209 Thread 0x0000018bc5581870 nmethod 2927 0x0000018be8a89b10 code [0x0000018be8a89d80, 0x0000018be8a8a868]
Event: 4.209 Thread 0x0000018bc57c88a0 nmethod 2930 0x0000018be8a8ab90 code [0x0000018be8a8aea0, 0x0000018be8a8c0c0]
Event: 4.214 Thread 0x0000018bfd15dee0 2933       3       java.lang.AbstractStringBuilder::append (77 bytes)
Event: 4.214 Thread 0x0000018bfd15dee0 nmethod 2933 0x0000018be8a8c910 code [0x0000018be8a8cb20, 0x0000018be8a8d1c8]
Event: 4.217 Thread 0x0000018be5372a90 nmethod 2835 0x0000018bf017fb10 code [0x0000018bf017fdc0, 0x0000018bf0180c40]
Event: 4.217 Thread 0x0000018be5372a90 2932       4       java.lang.Integer::parseInt (264 bytes)
Event: 4.219 Thread 0x0000018bc57c88a0 2935       3       java.util.regex.Matcher::<init> (95 bytes)
Event: 4.219 Thread 0x0000018bc57c88a0 nmethod 2935 0x0000018be8a8d490 code [0x0000018be8a8d660, 0x0000018be8a8db10]
Event: 4.220 Thread 0x0000018be5372a90 nmethod 2932 0x0000018bf0181710 code [0x0000018bf01818e0, 0x0000018bf0181d10]
Event: 4.220 Thread 0x0000018be5372a90 2934       4       java.util.HashMap::putVal (300 bytes)
Event: 4.960 Thread 0x0000018bfd15dee0 2936       1       org.eclipse.core.internal.jobs.InternalJob::previous (5 bytes)
Event: 4.961 Thread 0x0000018bfd15dee0 nmethod 2936 0x0000018bf0182210 code [0x0000018bf01823a0, 0x0000018bf0182468]
Event: 5.022 Thread 0x0000018bfd15dee0 2937       3       java.util.HashSet::isEmpty (8 bytes)
Event: 5.231 Thread 0x0000018bfd15dee0 nmethod 2937 0x0000018be8a8dc90 code [0x0000018be8a8de40, 0x0000018be8a8e088]
Event: 5.231 Thread 0x0000018bfd15dee0 2938       1       java.util.concurrent.atomic.AtomicReference::set (6 bytes)

GC Heap History (14 events):
Event: 0.528 GC heap before
{Heap before GC invocations=1 (full 0):
 PSYoungGen      total 29696K, used 25600K [0x00000000d5580000, 0x00000000d7680000, 0x0000000100000000)
  eden space 25600K, 100% used [0x00000000d5580000,0x00000000d6e80000,0x00000000d6e80000)
  from space 4096K, 0% used [0x00000000d7280000,0x00000000d7280000,0x00000000d7680000)
  to   space 4096K, 0% used [0x00000000d6e80000,0x00000000d6e80000,0x00000000d7280000)
 ParOldGen       total 68608K, used 0K [0x0000000080000000, 0x0000000084300000, 0x00000000d5580000)
  object space 68608K, 0% used [0x0000000080000000,0x0000000080000000,0x0000000084300000)
 Metaspace       used 4262K, committed 4544K, reserved 1114112K
  class space    used 466K, committed 576K, reserved 1048576K
}
Event: 0.534 GC heap after
{Heap after GC invocations=1 (full 0):
 PSYoungGen      total 29696K, used 3255K [0x00000000d5580000, 0x00000000d7680000, 0x0000000100000000)
  eden space 25600K, 0% used [0x00000000d5580000,0x00000000d5580000,0x00000000d6e80000)
  from space 4096K, 79% used [0x00000000d6e80000,0x00000000d71adea8,0x00000000d7280000)
  to   space 4096K, 0% used [0x00000000d7280000,0x00000000d7280000,0x00000000d7680000)
 ParOldGen       total 68608K, used 16K [0x0000000080000000, 0x0000000084300000, 0x00000000d5580000)
  object space 68608K, 0% used [0x0000000080000000,0x0000000080004000,0x0000000084300000)
 Metaspace       used 4262K, committed 4544K, reserved 1114112K
  class space    used 466K, committed 576K, reserved 1048576K
}
Event: 1.125 GC heap before
{Heap before GC invocations=2 (full 0):
 PSYoungGen      total 29696K, used 28855K [0x00000000d5580000, 0x00000000d7680000, 0x0000000100000000)
  eden space 25600K, 100% used [0x00000000d5580000,0x00000000d6e80000,0x00000000d6e80000)
  from space 4096K, 79% used [0x00000000d6e80000,0x00000000d71adea8,0x00000000d7280000)
  to   space 4096K, 0% used [0x00000000d7280000,0x00000000d7280000,0x00000000d7680000)
 ParOldGen       total 68608K, used 16K [0x0000000080000000, 0x0000000084300000, 0x00000000d5580000)
  object space 68608K, 0% used [0x0000000080000000,0x0000000080004000,0x0000000084300000)
 Metaspace       used 8043K, committed 8320K, reserved 1114112K
  class space    used 840K, committed 960K, reserved 1048576K
}
Event: 1.129 GC heap after
{Heap after GC invocations=2 (full 0):
 PSYoungGen      total 29696K, used 4086K [0x00000000d5580000, 0x00000000d7680000, 0x0000000100000000)
  eden space 25600K, 0% used [0x00000000d5580000,0x00000000d5580000,0x00000000d6e80000)
  from space 4096K, 99% used [0x00000000d7280000,0x00000000d767d810,0x00000000d7680000)
  to   space 4096K, 0% used [0x00000000d6e80000,0x00000000d6e80000,0x00000000d7280000)
 ParOldGen       total 68608K, used 1073K [0x0000000080000000, 0x0000000084300000, 0x00000000d5580000)
  object space 68608K, 1% used [0x0000000080000000,0x000000008010c6a8,0x0000000084300000)
 Metaspace       used 8043K, committed 8320K, reserved 1114112K
  class space    used 840K, committed 960K, reserved 1048576K
}
Event: 1.643 GC heap before
{Heap before GC invocations=3 (full 0):
 PSYoungGen      total 29696K, used 29686K [0x00000000d5580000, 0x00000000d7680000, 0x0000000100000000)
  eden space 25600K, 100% used [0x00000000d5580000,0x00000000d6e80000,0x00000000d6e80000)
  from space 4096K, 99% used [0x00000000d7280000,0x00000000d767d810,0x00000000d7680000)
  to   space 4096K, 0% used [0x00000000d6e80000,0x00000000d6e80000,0x00000000d7280000)
 ParOldGen       total 68608K, used 1073K [0x0000000080000000, 0x0000000084300000, 0x00000000d5580000)
  object space 68608K, 1% used [0x0000000080000000,0x000000008010c6a8,0x0000000084300000)
 Metaspace       used 12888K, committed 13376K, reserved 1114112K
  class space    used 1355K, committed 1600K, reserved 1048576K
}
Event: 1.646 GC heap after
{Heap after GC invocations=3 (full 0):
 PSYoungGen      total 29696K, used 4066K [0x00000000d5580000, 0x00000000d7680000, 0x0000000100000000)
  eden space 25600K, 0% used [0x00000000d5580000,0x00000000d5580000,0x00000000d6e80000)
  from space 4096K, 99% used [0x00000000d6e80000,0x00000000d7278870,0x00000000d7280000)
  to   space 4096K, 0% used [0x00000000d7280000,0x00000000d7280000,0x00000000d7680000)
 ParOldGen       total 68608K, used 2716K [0x0000000080000000, 0x0000000084300000, 0x00000000d5580000)
  object space 68608K, 3% used [0x0000000080000000,0x00000000802a7398,0x0000000084300000)
 Metaspace       used 12888K, committed 13376K, reserved 1114112K
  class space    used 1355K, committed 1600K, reserved 1048576K
}
Event: 3.876 GC heap before
{Heap before GC invocations=4 (full 0):
 PSYoungGen      total 29696K, used 29665K [0x00000000d5580000, 0x00000000d7680000, 0x0000000100000000)
  eden space 25600K, 99% used [0x00000000d5580000,0x00000000d6e7fce8,0x00000000d6e80000)
  from space 4096K, 99% used [0x00000000d6e80000,0x00000000d7278870,0x00000000d7280000)
  to   space 4096K, 0% used [0x00000000d7280000,0x00000000d7280000,0x00000000d7680000)
 ParOldGen       total 68608K, used 2716K [0x0000000080000000, 0x0000000084300000, 0x00000000d5580000)
  object space 68608K, 3% used [0x0000000080000000,0x00000000802a7398,0x0000000084300000)
 Metaspace       used 15969K, committed 16640K, reserved 1114112K
  class space    used 1655K, committed 1920K, reserved 1048576K
}
Event: 3.878 GC heap after
{Heap after GC invocations=4 (full 0):
 PSYoungGen      total 29696K, used 4084K [0x00000000d5580000, 0x00000000d7680000, 0x0000000100000000)
  eden space 25600K, 0% used [0x00000000d5580000,0x00000000d5580000,0x00000000d6e80000)
  from space 4096K, 99% used [0x00000000d7280000,0x00000000d767d060,0x00000000d7680000)
  to   space 4096K, 0% used [0x00000000d6e80000,0x00000000d6e80000,0x00000000d7280000)
 ParOldGen       total 68608K, used 5821K [0x0000000080000000, 0x0000000084300000, 0x00000000d5580000)
  object space 68608K, 8% used [0x0000000080000000,0x00000000805af600,0x0000000084300000)
 Metaspace       used 15969K, committed 16640K, reserved 1114112K
  class space    used 1655K, committed 1920K, reserved 1048576K
}
Event: 4.017 GC heap before
{Heap before GC invocations=5 (full 0):
 PSYoungGen      total 29696K, used 29684K [0x00000000d5580000, 0x00000000d7680000, 0x0000000100000000)
  eden space 25600K, 100% used [0x00000000d5580000,0x00000000d6e80000,0x00000000d6e80000)
  from space 4096K, 99% used [0x00000000d7280000,0x00000000d767d060,0x00000000d7680000)
  to   space 4096K, 0% used [0x00000000d6e80000,0x00000000d6e80000,0x00000000d7280000)
 ParOldGen       total 68608K, used 5821K [0x0000000080000000, 0x0000000084300000, 0x00000000d5580000)
  object space 68608K, 8% used [0x0000000080000000,0x00000000805af600,0x0000000084300000)
 Metaspace       used 19924K, committed 20608K, reserved 1114112K
  class space    used 1947K, committed 2240K, reserved 1048576K
}
Event: 4.019 GC heap after
{Heap after GC invocations=5 (full 0):
 PSYoungGen      total 29184K, used 4095K [0x00000000d5580000, 0x00000000d7a00000, 0x0000000100000000)
  eden space 25088K, 0% used [0x00000000d5580000,0x00000000d5580000,0x00000000d6e00000)
  from space 4096K, 99% used [0x00000000d6e80000,0x00000000d727fdf8,0x00000000d7280000)
  to   space 6144K, 0% used [0x00000000d7400000,0x00000000d7400000,0x00000000d7a00000)
 ParOldGen       total 68608K, used 6493K [0x0000000080000000, 0x0000000084300000, 0x00000000d5580000)
  object space 68608K, 9% used [0x0000000080000000,0x0000000080657488,0x0000000084300000)
 Metaspace       used 19924K, committed 20608K, reserved 1114112K
  class space    used 1947K, committed 2240K, reserved 1048576K
}
Event: 4.117 GC heap before
{Heap before GC invocations=6 (full 0):
 PSYoungGen      total 29184K, used 23323K [0x00000000d5580000, 0x00000000d7a00000, 0x0000000100000000)
  eden space 25088K, 76% used [0x00000000d5580000,0x00000000d6847200,0x00000000d6e00000)
  from space 4096K, 99% used [0x00000000d6e80000,0x00000000d727fdf8,0x00000000d7280000)
  to   space 6144K, 0% used [0x00000000d7400000,0x00000000d7400000,0x00000000d7a00000)
 ParOldGen       total 68608K, used 6493K [0x0000000080000000, 0x0000000084300000, 0x00000000d5580000)
  object space 68608K, 9% used [0x0000000080000000,0x0000000080657488,0x0000000084300000)
 Metaspace       used 20837K, committed 21504K, reserved 1114112K
  class space    used 1998K, committed 2304K, reserved 1048576K
}
Event: 4.120 GC heap after
{Heap after GC invocations=6 (full 0):
 PSYoungGen      total 30720K, used 6003K [0x00000000d5580000, 0x00000000d7b00000, 0x0000000100000000)
  eden space 24576K, 0% used [0x00000000d5580000,0x00000000d5580000,0x00000000d6d80000)
  from space 6144K, 97% used [0x00000000d7400000,0x00000000d79dcda8,0x00000000d7a00000)
  to   space 6656K, 0% used [0x00000000d6d80000,0x00000000d6d80000,0x00000000d7400000)
 ParOldGen       total 68608K, used 6501K [0x0000000080000000, 0x0000000084300000, 0x00000000d5580000)
  object space 68608K, 9% used [0x0000000080000000,0x0000000080659488,0x0000000084300000)
 Metaspace       used 20837K, committed 21504K, reserved 1114112K
  class space    used 1998K, committed 2304K, reserved 1048576K
}
Event: 4.120 GC heap before
{Heap before GC invocations=7 (full 1):
 PSYoungGen      total 30720K, used 6003K [0x00000000d5580000, 0x00000000d7b00000, 0x0000000100000000)
  eden space 24576K, 0% used [0x00000000d5580000,0x00000000d5580000,0x00000000d6d80000)
  from space 6144K, 97% used [0x00000000d7400000,0x00000000d79dcda8,0x00000000d7a00000)
  to   space 6656K, 0% used [0x00000000d6d80000,0x00000000d6d80000,0x00000000d7400000)
 ParOldGen       total 68608K, used 6501K [0x0000000080000000, 0x0000000084300000, 0x00000000d5580000)
  object space 68608K, 9% used [0x0000000080000000,0x0000000080659488,0x0000000084300000)
 Metaspace       used 20837K, committed 21504K, reserved 1114112K
  class space    used 1998K, committed 2304K, reserved 1048576K
}
Event: 4.142 GC heap after
{Heap after GC invocations=7 (full 1):
 PSYoungGen      total 30720K, used 0K [0x00000000d5580000, 0x00000000d7b00000, 0x0000000100000000)
  eden space 24576K, 0% used [0x00000000d5580000,0x00000000d5580000,0x00000000d6d80000)
  from space 6144K, 0% used [0x00000000d7400000,0x00000000d7400000,0x00000000d7a00000)
  to   space 6656K, 0% used [0x00000000d6d80000,0x00000000d6d80000,0x00000000d7400000)
 ParOldGen       total 68608K, used 9908K [0x0000000080000000, 0x0000000084300000, 0x00000000d5580000)
  object space 68608K, 14% used [0x0000000080000000,0x00000000809ad358,0x0000000084300000)
 Metaspace       used 20824K, committed 21504K, reserved 1114112K
  class space    used 1995K, committed 2304K, reserved 1048576K
}

Dll operation events (9 events):
Event: 0.011 Loaded shared library c:\Users\Aditya\.antigravity\extensions\redhat.java-1.54.0-win32-x64\jre\21.0.10-win32-x86_64\bin\java.dll
Event: 0.051 Loaded shared library c:\Users\Aditya\.antigravity\extensions\redhat.java-1.54.0-win32-x64\jre\21.0.10-win32-x86_64\bin\zip.dll
Event: 0.062 Loaded shared library C:\Users\Aditya\.antigravity\extensions\redhat.java-1.54.0-win32-x64\jre\21.0.10-win32-x86_64\bin\instrument.dll
Event: 0.065 Loaded shared library C:\Users\Aditya\.antigravity\extensions\redhat.java-1.54.0-win32-x64\jre\21.0.10-win32-x86_64\bin\net.dll
Event: 0.067 Loaded shared library C:\Users\Aditya\.antigravity\extensions\redhat.java-1.54.0-win32-x64\jre\21.0.10-win32-x86_64\bin\nio.dll
Event: 0.068 Loaded shared library C:\Users\Aditya\.antigravity\extensions\redhat.java-1.54.0-win32-x64\jre\21.0.10-win32-x86_64\bin\zip.dll
Event: 0.082 Loaded shared library C:\Users\Aditya\.antigravity\extensions\redhat.java-1.54.0-win32-x64\jre\21.0.10-win32-x86_64\bin\jimage.dll
Event: 0.152 Loaded shared library c:\Users\Aditya\.antigravity\extensions\redhat.java-1.54.0-win32-x64\jre\21.0.10-win32-x86_64\bin\verify.dll
Event: 1.143 Loaded shared library C:\Users\Aditya\AppData\Roaming\Antigravity\User\globalStorage\redhat.java\1.54.0\config_ss_win\org.eclipse.equinox.launcher\org.eclipse.equinox.launcher.win32.win32.x86_64_1.3.0.v20260203-2149\eclipse_11919.dll

Deoptimization events (20 events):
Event: 4.207 Thread 0x0000018bc5077fc0 Uncommon trap: trap_request=0xffffffc6 fr.pc=0x0000018bf00fbd9c relative=0x000000000000099c
Event: 4.207 Thread 0x0000018bc5077fc0 Uncommon trap: reason=bimorphic_or_optimized_type_check action=maybe_recompile pc=0x0000018bf00fbd9c method=java.util.HashMap.putVal(ILjava/lang/Object;Ljava/lang/Object;ZZ)Ljava/lang/Object; @ 56 c2
Event: 4.207 Thread 0x0000018bc5077fc0 DEOPT PACKING pc=0x0000018bf00fbd9c sp=0x00000011dd0fd8e0
Event: 4.207 Thread 0x0000018bc5077fc0 DEOPT UNPACKING pc=0x0000018bef963aa2 sp=0x00000011dd0fd848 mode 2
Event: 4.207 Thread 0x0000018bc5077fc0 Uncommon trap: trap_request=0xffffffc6 fr.pc=0x0000018bf00fbd9c relative=0x000000000000099c
Event: 4.207 Thread 0x0000018bc5077fc0 Uncommon trap: reason=bimorphic_or_optimized_type_check action=maybe_recompile pc=0x0000018bf00fbd9c method=java.util.HashMap.putVal(ILjava/lang/Object;Ljava/lang/Object;ZZ)Ljava/lang/Object; @ 56 c2
Event: 4.207 Thread 0x0000018bc5077fc0 DEOPT PACKING pc=0x0000018bf00fbd9c sp=0x00000011dd0fd8e0
Event: 4.207 Thread 0x0000018bc5077fc0 DEOPT UNPACKING pc=0x0000018bef963aa2 sp=0x00000011dd0fd848 mode 2
Event: 4.207 Thread 0x0000018bc5077fc0 Uncommon trap: trap_request=0xffffffc6 fr.pc=0x0000018bf00fbd9c relative=0x000000000000099c
Event: 4.207 Thread 0x0000018bc5077fc0 Uncommon trap: reason=bimorphic_or_optimized_type_check action=maybe_recompile pc=0x0000018bf00fbd9c method=java.util.HashMap.putVal(ILjava/lang/Object;Ljava/lang/Object;ZZ)Ljava/lang/Object; @ 56 c2
Event: 4.207 Thread 0x0000018bc5077fc0 DEOPT PACKING pc=0x0000018bf00fbd9c sp=0x00000011dd0fd8e0
Event: 4.207 Thread 0x0000018bc5077fc0 DEOPT UNPACKING pc=0x0000018bef963aa2 sp=0x00000011dd0fd848 mode 2
Event: 4.207 Thread 0x0000018bc5077fc0 Uncommon trap: trap_request=0xffffffc6 fr.pc=0x0000018bf00fbd9c relative=0x000000000000099c
Event: 4.207 Thread 0x0000018bc5077fc0 Uncommon trap: reason=bimorphic_or_optimized_type_check action=maybe_recompile pc=0x0000018bf00fbd9c method=java.util.HashMap.putVal(ILjava/lang/Object;Ljava/lang/Object;ZZ)Ljava/lang/Object; @ 56 c2
Event: 4.207 Thread 0x0000018bc5077fc0 DEOPT PACKING pc=0x0000018bf00fbd9c sp=0x00000011dd0fd8e0
Event: 4.207 Thread 0x0000018bc5077fc0 DEOPT UNPACKING pc=0x0000018bef963aa2 sp=0x00000011dd0fd848 mode 2
Event: 4.219 Thread 0x0000018bc5077fc0 Uncommon trap: trap_request=0xffffff45 fr.pc=0x0000018bf0180818 relative=0x0000000000000a58
Event: 4.219 Thread 0x0000018bc5077fc0 Uncommon trap: reason=unstable_if action=reinterpret pc=0x0000018bf0180818 method=java.util.regex.Pattern$BmpCharPropertyGreedy.match(Ljava/util/regex/Matcher;ILjava/lang/CharSequence;)Z @ 12 c2
Event: 4.219 Thread 0x0000018bc5077fc0 DEOPT PACKING pc=0x0000018bf0180818 sp=0x00000011dd0fd4d0
Event: 4.219 Thread 0x0000018bc5077fc0 DEOPT UNPACKING pc=0x0000018bef963aa2 sp=0x00000011dd0fd398 mode 2

Classes loaded (20 events):
Event: 4.216 Loading class sun/util/locale/provider/TimeZoneNameUtility done
Event: 4.216 Loading class sun/util/locale/provider/TimeZoneNameUtility$TimeZoneNameGetter
Event: 4.216 Loading class sun/util/locale/provider/TimeZoneNameUtility$TimeZoneNameGetter done
Event: 4.216 Loading class sun/util/cldr/CLDRTimeZoneNameProviderImpl
Event: 4.217 Loading class sun/util/locale/provider/TimeZoneNameProviderImpl
Event: 4.217 Loading class sun/util/locale/provider/TimeZoneNameProviderImpl done
Event: 4.217 Loading class sun/util/cldr/CLDRTimeZoneNameProviderImpl done
Event: 4.218 Loading class sun/util/locale/provider/BaseLocaleDataMetaInfo
Event: 4.218 Loading class sun/util/locale/provider/BaseLocaleDataMetaInfo done
Event: 4.219 Loading class sun/util/resources/cldr/TimeZoneNames
Event: 4.219 Loading class sun/util/resources/TimeZoneNamesBundle
Event: 4.219 Loading class sun/util/resources/OpenListResourceBundle
Event: 4.219 Loading class sun/util/resources/OpenListResourceBundle done
Event: 4.219 Loading class sun/util/resources/TimeZoneNamesBundle done
Event: 4.219 Loading class sun/util/resources/cldr/TimeZoneNames done
Event: 4.220 Loading class sun/util/resources/cldr/TimeZoneNames_en
Event: 4.220 Loading class sun/util/resources/cldr/TimeZoneNames_en done
Event: 4.221 Loading class sun/util/resources/cldr/TimeZoneNames_en_US
Event: 4.221 Loading class sun/util/resources/cldr/TimeZoneNames_en_US done
Event: 4.222 Loading class sun/util/cldr/CLDRBaseLocaleDataMetaInfo$TZCanonicalIDMapHolder

Classes unloaded (7 events):
Event: 4.124 Thread 0x0000018bfbd540e0 Unloading class 0x0000018b81188c00 'java/lang/invoke/LambdaForm$MH+0x0000018b81188c00'
Event: 4.124 Thread 0x0000018bfbd540e0 Unloading class 0x0000018b81188800 'java/lang/invoke/LambdaForm$MH+0x0000018b81188800'
Event: 4.124 Thread 0x0000018bfbd540e0 Unloading class 0x0000018b81188400 'java/lang/invoke/LambdaForm$MH+0x0000018b81188400'
Event: 4.124 Thread 0x0000018bfbd540e0 Unloading class 0x0000018b81188000 'java/lang/invoke/LambdaForm$MH+0x0000018b81188000'
Event: 4.124 Thread 0x0000018bfbd540e0 Unloading class 0x0000018b81187c00 'java/lang/invoke/LambdaForm$BMH+0x0000018b81187c00'
Event: 4.124 Thread 0x0000018bfbd540e0 Unloading class 0x0000018b81187800 'java/lang/invoke/LambdaForm$DMH+0x0000018b81187800'
Event: 4.124 Thread 0x0000018bfbd540e0 Unloading class 0x0000018b81186400 'java/lang/invoke/LambdaForm$DMH+0x0000018b81186400'

Classes redefined (0 events):
No events

Internal exceptions (20 events):
Event: 3.774 Thread 0x0000018bc5077fc0 Exception <a 'java/lang/NoSuchMethodError'{0x00000000d5f12860}: 'java.lang.Object java.lang.invoke.DirectMethodHandle$Holder.newInvokeSpecial(java.lang.Object, java.lang.Object, java.lang.Object, long)'> (0x00000000d5f12860) 
thrown [s\src\hotspot\share\interpreter\linkResolver.cpp, line 773]
Event: 3.775 Thread 0x0000018bc5077fc0 Exception <a 'java/lang/NoSuchMethodError'{0x00000000d5f16c10}: 'java.lang.Object java.lang.invoke.DirectMethodHandle$Holder.invokeSpecial(java.lang.Object, java.lang.Object, java.lang.Object, java.lang.Object, long)'> (0x00000000d5f16c10) 
thrown [s\src\hotspot\share\interpreter\linkResolver.cpp, line 773]
Event: 3.775 Thread 0x0000018bc5077fc0 Exception <a 'java/lang/NoSuchMethodError'{0x00000000d5f1a830}: 'java.lang.Object java.lang.invoke.Invokers$Holder.linkToTargetMethod(java.lang.Object, java.lang.Object, long, java.lang.Object)'> (0x00000000d5f1a830) 
thrown [s\src\hotspot\share\interpreter\linkResolver.cpp, line 773]
Event: 3.779 Thread 0x0000018bc5077fc0 Exception <a 'java/lang/NoSuchMethodError'{0x00000000d5f72b60}: 'int java.lang.invoke.DirectMethodHandle$Holder.invokeStaticInit(java.lang.Object, java.lang.Object, java.lang.Object)'> (0x00000000d5f72b60) 
thrown [s\src\hotspot\share\interpreter\linkResolver.cpp, line 773]
Event: 3.784 Thread 0x0000018bc5077fc0 Exception <a 'java/lang/IncompatibleClassChangeError'{0x00000000d6029e40}: Found class java.lang.Object, but interface was expected> (0x00000000d6029e40) 
thrown [s\src\hotspot\share\interpreter\linkResolver.cpp, line 840]
Event: 3.785 Thread 0x0000018bc5077fc0 Exception <a 'java/lang/NoSuchMethodError'{0x00000000d602d9f0}: 'java.lang.Object java.lang.invoke.DirectMethodHandle$Holder.invokeSpecial(java.lang.Object, java.lang.Object, java.lang.Object, int, java.lang.Object, java.lang.Object)'> (0x00000000d602d9f0) 
thrown [s\src\hotspot\share\interpreter\linkResolver.cpp, line 773]
Event: 3.785 Thread 0x0000018bc5077fc0 Exception <a 'java/lang/NoSuchMethodError'{0x00000000d603fdf8}: 'java.lang.Object java.lang.invoke.DirectMethodHandle$Holder.newInvokeSpecial(java.lang.Object, java.lang.Object, java.lang.Object, int, java.lang.Object)'> (0x00000000d603fdf8) 
thrown [s\src\hotspot\share\interpreter\linkResolver.cpp, line 773]
Event: 3.785 Thread 0x0000018bc5077fc0 Exception <a 'java/lang/NoSuchMethodError'{0x00000000d6043d78}: 'java.lang.Object java.lang.invoke.DirectMethodHandle$Holder.invokeSpecial(java.lang.Object, java.lang.Object, java.lang.Object, java.lang.Object, int, java.lang.Object)'> (0x00000000d6043d78) 
thrown [s\src\hotspot\share\interpreter\linkResolver.cpp, line 773]
Event: 3.785 Thread 0x0000018bc5077fc0 Exception <a 'java/lang/NoSuchMethodError'{0x00000000d60478b8}: 'java.lang.Object java.lang.invoke.Invokers$Holder.linkToTargetMethod(java.lang.Object, java.lang.Object, int, java.lang.Object, java.lang.Object)'> (0x00000000d60478b8) 
thrown [s\src\hotspot\share\interpreter\linkResolver.cpp, line 773]
Event: 3.785 Thread 0x0000018bfd21b3d0 Exception <a 'java/lang/NoSuchMethodError'{0x00000000d5f7aa70}: 'java.lang.Object java.lang.invoke.DirectMethodHandle$Holder.invokeSpecial(java.lang.Object, java.lang.Object, int, java.lang.Object, java.lang.Object)'> (0x00000000d5f7aa70) 
thrown [s\src\hotspot\share\interpreter\linkResolver.cpp, line 773]
Event: 3.786 Thread 0x0000018bfd21b3d0 Exception <a 'java/lang/NoSuchMethodError'{0x00000000d5f817a8}: 'java.lang.Object java.lang.invoke.DirectMethodHandle$Holder.newInvokeSpecial(java.lang.Object, java.lang.Object, int, java.lang.Object)'> (0x00000000d5f817a8) 
thrown [s\src\hotspot\share\interpreter\linkResolver.cpp, line 773]
Event: 3.786 Thread 0x0000018bfd21b3d0 Exception <a 'java/lang/NoSuchMethodError'{0x00000000d5f85088}: 'java.lang.Object java.lang.invoke.DirectMethodHandle$Holder.invokeSpecial(java.lang.Object, java.lang.Object, java.lang.Object, int, java.lang.Object)'> (0x00000000d5f85088) 
thrown [s\src\hotspot\share\interpreter\linkResolver.cpp, line 773]
Event: 3.795 Thread 0x0000018bc5077fc0 Exception <a 'java/lang/NoSuchMethodError'{0x00000000d61841a8}: 'void java.lang.invoke.DirectMethodHandle$Holder.invokeSpecial(java.lang.Object, java.lang.Object, java.lang.Object, java.lang.Object, java.lang.Object)'> (0x00000000d61841a8) 
thrown [s\src\hotspot\share\interpreter\linkResolver.cpp, line 773]
Event: 3.829 Thread 0x0000018bc5077fc0 Exception <a 'java/lang/NoSuchMethodError'{0x00000000d6379168}: 'double java.lang.invoke.DirectMethodHandle$Holder.invokeStatic(java.lang.Object, java.lang.Object)'> (0x00000000d6379168) 
thrown [s\src\hotspot\share\interpreter\linkResolver.cpp, line 773]
Event: 3.830 Thread 0x0000018bc5077fc0 Exception <a 'java/lang/NoSuchMethodError'{0x00000000d637c828}: 'double java.lang.invoke.DirectMethodHandle$Holder.invokeStaticInit(java.lang.Object, java.lang.Object)'> (0x00000000d637c828) 
thrown [s\src\hotspot\share\interpreter\linkResolver.cpp, line 773]
Event: 3.988 Thread 0x0000018bc5077fc0 Implicit null exception at 0x0000018bf0167375 to 0x0000018bf0167450
Event: 4.052 Thread 0x0000018bc5077fc0 Exception <a 'java/io/FileNotFoundException'{0x00000000d626ab98}> (0x00000000d626ab98) 
thrown [s\src\hotspot\share\prims\jni.cpp, line 520]
Event: 4.052 Thread 0x0000018bc5077fc0 Exception <a 'java/io/FileNotFoundException'{0x00000000d626bbc8}> (0x00000000d626bbc8) 
thrown [s\src\hotspot\share\prims\jni.cpp, line 520]
Event: 4.182 Thread 0x0000018bc5077fc0 Exception <a 'java/lang/NoSuchMethodError'{0x00000000d584a098}: 'java.lang.Object java.lang.invoke.DirectMethodHandle$Holder.newInvokeSpecial(java.lang.Object, int, java.lang.Object, java.lang.Object)'> (0x00000000d584a098) 
thrown [s\src\hotspot\share\interpreter\linkResolver.cpp, line 773]
Event: 4.214 Thread 0x0000018bc5077fc0 Exception <a 'sun/nio/fs/WindowsException'{0x00000000d5a484b0}> (0x00000000d5a484b0) 
thrown [s\src\hotspot\share\prims\jni.cpp, line 520]

ZGC Phase Switch (0 events):
No events

VM Operations (20 events):
Event: 1.646 Executing safepoint VM operation: ParallelGCFailedAllocation (Allocation Failure) done
Event: 2.651 Executing safepoint VM operation: Cleanup
Event: 2.651 Executing safepoint VM operation: Cleanup done
Event: 2.705 Executing non-safepoint VM operation: HandshakeAllThreads (Deoptimize)
Event: 2.705 Executing non-safepoint VM operation: HandshakeAllThreads (Deoptimize) done
Event: 2.707 Executing non-safepoint VM operation: HandshakeAllThreads (Deoptimize)
Event: 2.707 Executing non-safepoint VM operation: HandshakeAllThreads (Deoptimize) done
Event: 2.715 Executing non-safepoint VM operation: HandshakeAllThreads (Deoptimize)
Event: 2.715 Executing non-safepoint VM operation: HandshakeAllThreads (Deoptimize) done
Event: 3.715 Executing safepoint VM operation: Cleanup
Event: 3.747 Executing safepoint VM operation: Cleanup done
Event: 3.876 Executing safepoint VM operation: ParallelGCFailedAllocation (Allocation Failure)
Event: 3.878 Executing safepoint VM operation: ParallelGCFailedAllocation (Allocation Failure) done
Event: 4.017 Executing safepoint VM operation: ParallelGCFailedAllocation (Allocation Failure)
Event: 4.019 Executing safepoint VM operation: ParallelGCFailedAllocation (Allocation Failure) done
Event: 4.117 Executing safepoint VM operation: CollectForMetadataAllocation (Metadata GC Threshold)
Event: 4.142 Executing safepoint VM operation: CollectForMetadataAllocation (Metadata GC Threshold) done
Event: 4.206 Executing non-safepoint VM operation: HandshakeAllThreads (Deoptimize)
Event: 4.206 Executing non-safepoint VM operation: HandshakeAllThreads (Deoptimize) done
Event: 5.215 Executing safepoint VM operation: Cleanup

Memory protections (0 events):
No events

Nmethod flushes (0 events):
No events

Events (20 events):
Event: 0.035 Thread 0x0000018be52ba240 Thread added: 0x0000018bfd15dee0
Event: 0.038 Thread 0x0000018bfd15dee0 Thread added: 0x0000018bfd21b3d0
Event: 0.063 Thread 0x0000018be52ba240 Thread added: 0x0000018bfd39fc50
Event: 0.209 Thread 0x0000018be52ba240 Thread added: 0x0000018bfd4a32a0
Event: 0.951 Thread 0x0000018be52ba240 Thread added: 0x0000018bff036bc0
Event: 1.120 Thread 0x0000018be52ba240 Thread added: 0x0000018bfef12000
Event: 1.131 Thread 0x0000018be52ba240 Thread added: 0x0000018bc5077fc0
Event: 1.295 Thread 0x0000018bc5077fc0 Thread added: 0x0000018bc50d7be0
Event: 1.598 Thread 0x0000018bc5077fc0 Thread added: 0x0000018bc5366cd0
Event: 3.747 Thread 0x0000018bfd21b3d0 Thread exited: 0x0000018bfd21b3d0
Event: 3.776 Thread 0x0000018bc5077fc0 Thread added: 0x0000018bfd21b3d0
Event: 3.786 Thread 0x0000018bc5077fc0 Thread added: 0x0000018bc54f5e80
Event: 3.842 Thread 0x0000018bfd15dee0 Thread added: 0x0000018bc55801b0
Event: 3.842 Thread 0x0000018bfd15dee0 Thread added: 0x0000018bc5581870
Event: 4.048 Thread 0x0000018bc5581870 Thread added: 0x0000018bc57c88a0
Event: 4.049 Thread 0x0000018bc57c88a0 Thread added: 0x0000018bc6070120
Event: 4.163 Thread 0x0000018bc5077fc0 Thread added: 0x0000018bc5f33d20
Event: 5.231 Thread 0x0000018bc6070120 Thread exited: 0x0000018bc6070120
Event: 5.231 Thread 0x0000018bc57c88a0 Thread exited: 0x0000018bc57c88a0
Event: 5.232 Thread 0x0000018bc5581870 Thread exited: 0x0000018bc5581870


Dynamic libraries:
0x00007ff774a80000 - 0x00007ff774a8e000 	c:\Users\Aditya\.antigravity\extensions\redhat.java-1.54.0-win32-x64\jre\21.0.10-win32-x86_64\bin\java.exe
0x00007ffe53260000 - 0x00007ffe534c7000 	C:\Windows\SYSTEM32\ntdll.dll
0x00007ffe52530000 - 0x00007ffe525f9000 	C:\Windows\System32\KERNEL32.DLL
0x00007ffe50a90000 - 0x00007ffe50e87000 	C:\Windows\System32\KERNELBASE.dll
0x00007ffe50e90000 - 0x00007ffe50fdb000 	C:\Windows\System32\ucrtbase.dll
0x00007ffe21c90000 - 0x00007ffe21cae000 	c:\Users\Aditya\.antigravity\extensions\redhat.java-1.54.0-win32-x64\jre\21.0.10-win32-x86_64\bin\VCRUNTIME140.dll
0x00007ffe23d50000 - 0x00007ffe23d68000 	c:\Users\Aditya\.antigravity\extensions\redhat.java-1.54.0-win32-x64\jre\21.0.10-win32-x86_64\bin\jli.dll
0x00007ffe51150000 - 0x00007ffe51316000 	C:\Windows\System32\USER32.dll
0x00007ffe4ff70000 - 0x00007ffe4ff97000 	C:\Windows\System32\win32u.dll
0x00007ffe35ee0000 - 0x00007ffe36172000 	C:\Windows\WinSxS\amd64_microsoft.windows.common-controls_6595b64144ccf1df_6.0.26100.8457_none_3e0b2faee331e92d\COMCTL32.dll
0x00007ffe52b80000 - 0x00007ffe52bab000 	C:\Windows\System32\GDI32.dll
0x00007ffe50060000 - 0x00007ffe5018c000 	C:\Windows\System32\gdi32full.dll
0x00007ffe4fc90000 - 0x00007ffe4fd33000 	C:\Windows\System32\msvcp_win.dll
0x00007ffe52ad0000 - 0x00007ffe52b79000 	C:\Windows\System32\msvcrt.dll
0x00007ffe51540000 - 0x00007ffe51572000 	C:\Windows\System32\IMM32.DLL
0x00007ffe22940000 - 0x00007ffe2294c000 	c:\Users\Aditya\.antigravity\extensions\redhat.java-1.54.0-win32-x64\jre\21.0.10-win32-x86_64\bin\vcruntime140_1.dll
0x00007ffdf0400000 - 0x00007ffdf048d000 	c:\Users\Aditya\.antigravity\extensions\redhat.java-1.54.0-win32-x64\jre\21.0.10-win32-x86_64\bin\msvcp140.dll
0x00007ffd83fd0000 - 0x00007ffd84d71000 	c:\Users\Aditya\.antigravity\extensions\redhat.java-1.54.0-win32-x64\jre\21.0.10-win32-x86_64\bin\server\jvm.dll
0x00007ffe51b60000 - 0x00007ffe51c16000 	C:\Windows\System32\ADVAPI32.dll
0x00007ffe52bb0000 - 0x00007ffe52c57000 	C:\Windows\System32\sechost.dll
0x00007ffe52870000 - 0x00007ffe52988000 	C:\Windows\System32\RPCRT4.dll
0x00007ffe526e0000 - 0x00007ffe52760000 	C:\Windows\System32\WS2_32.dll
0x00007ffe4e890000 - 0x00007ffe4e8ee000 	C:\Windows\SYSTEM32\POWRPROF.dll
0x00007ffe47b60000 - 0x00007ffe47b6b000 	C:\Windows\SYSTEM32\VERSION.dll
0x00007ffe4cd40000 - 0x00007ffe4cd76000 	C:\Windows\SYSTEM32\WINMM.dll
0x00007ffe4e870000 - 0x00007ffe4e884000 	C:\Windows\SYSTEM32\UMPDC.dll
0x00007ffe4eb40000 - 0x00007ffe4eb5b000 	C:\Windows\SYSTEM32\kernel.appcore.dll
0x00007ffe228e0000 - 0x00007ffe228ea000 	c:\Users\Aditya\.antigravity\extensions\redhat.java-1.54.0-win32-x64\jre\21.0.10-win32-x86_64\bin\jimage.dll
0x00007ffe4db00000 - 0x00007ffe4dd42000 	C:\Windows\SYSTEM32\DBGHELP.DLL
0x00007ffe517d0000 - 0x00007ffe51b53000 	C:\Windows\System32\combase.dll
0x00007ffe52600000 - 0x00007ffe526d9000 	C:\Windows\System32\OLEAUT32.dll
0x00007ffe31e00000 - 0x00007ffe31e3b000 	C:\Windows\SYSTEM32\dbgcore.DLL
0x00007ffe4fec0000 - 0x00007ffe4ff68000 	C:\Windows\System32\bcryptPrimitives.dll
0x00007ffe21640000 - 0x00007ffe2164f000 	c:\Users\Aditya\.antigravity\extensions\redhat.java-1.54.0-win32-x64\jre\21.0.10-win32-x86_64\bin\instrument.dll
0x00007ffe1f350000 - 0x00007ffe1f370000 	c:\Users\Aditya\.antigravity\extensions\redhat.java-1.54.0-win32-x64\jre\21.0.10-win32-x86_64\bin\java.dll
0x00007ffe51d20000 - 0x00007ffe5248e000 	C:\Windows\System32\SHELL32.dll
0x00007ffe50220000 - 0x00007ffe50a8c000 	C:\Windows\System32\windows.storage.dll
0x00007ffe51c20000 - 0x00007ffe51d16000 	C:\Windows\System32\SHCORE.dll
0x00007ffe529e0000 - 0x00007ffe52a46000 	C:\Windows\System32\shlwapi.dll
0x00007ffe4fbb0000 - 0x00007ffe4fbd9000 	C:\Windows\SYSTEM32\profapi.dll
0x00007ffe1f330000 - 0x00007ffe1f348000 	c:\Users\Aditya\.antigravity\extensions\redhat.java-1.54.0-win32-x64\jre\21.0.10-win32-x86_64\bin\zip.dll
0x00007ffe227f0000 - 0x00007ffe22800000 	C:\Users\Aditya\.antigravity\extensions\redhat.java-1.54.0-win32-x64\jre\21.0.10-win32-x86_64\bin\net.dll
0x00007ffe48710000 - 0x00007ffe48839000 	C:\Windows\SYSTEM32\WINHTTP.dll
0x00007ffe4f0b0000 - 0x00007ffe4f11c000 	C:\Windows\system32\mswsock.dll
0x00007ffe1f0c0000 - 0x00007ffe1f0d6000 	C:\Users\Aditya\.antigravity\extensions\redhat.java-1.54.0-win32-x64\jre\21.0.10-win32-x86_64\bin\nio.dll
0x00007ffe20a00000 - 0x00007ffe20a10000 	c:\Users\Aditya\.antigravity\extensions\redhat.java-1.54.0-win32-x64\jre\21.0.10-win32-x86_64\bin\verify.dll
0x00007ffe1b350000 - 0x00007ffe1b395000 	C:\Users\Aditya\AppData\Roaming\Antigravity\User\globalStorage\redhat.java\1.54.0\config_ss_win\org.eclipse.equinox.launcher\org.eclipse.equinox.launcher.win32.win32.x86_64_1.3.0.v20260203-2149\eclipse_11919.dll
0x00007ffe51320000 - 0x00007ffe514b7000 	C:\Windows\System32\ole32.dll

JVMTI agents:
c:\Users\Aditya\.antigravity\extensions\redhat.java-1.54.0-win32-x64\lombok\lombok-1.18.39-4050.jar path:c:\Users\Aditya\.antigravity\extensions\redhat.java-1.54.0-win32-x64\jre\21.0.10-win32-x86_64\bin\instrument.dll, loaded, initialized, instrumentlib options:none

dbghelp: loaded successfully - version: 4.0.5 - missing functions: none
symbol engine: initialized successfully - sym options: 0x614 - pdb path: .;c:\Users\Aditya\.antigravity\extensions\redhat.java-1.54.0-win32-x64\jre\21.0.10-win32-x86_64\bin;C:\Windows\SYSTEM32;C:\Windows\WinSxS\amd64_microsoft.windows.common-controls_6595b64144ccf1df_6.0.26100.8457_none_3e0b2faee331e92d;c:\Users\Aditya\.antigravity\extensions\redhat.java-1.54.0-win32-x64\jre\21.0.10-win32-x86_64\bin\server;C:\Users\Aditya\AppData\Roaming\Antigravity\User\globalStorage\redhat.java\1.54.0\config_ss_win\org.eclipse.equinox.launcher\org.eclipse.equinox.launcher.win32.win32.x86_64_1.3.0.v20260203-2149

VM Arguments:
jvm_args: --add-modules=ALL-SYSTEM --add-opens=java.base/java.util=ALL-UNNAMED --add-opens=java.base/java.lang=ALL-UNNAMED --add-opens=java.base/sun.nio.fs=ALL-UNNAMED -Declipse.application=org.eclipse.jdt.ls.core.id1 -Dosgi.bundles.defaultStartLevel=4 -Declipse.product=org.eclipse.jdt.ls.core.product -Djava.import.generatesMetadataFilesAtProjectRoot=false -DDetectVMInstallationsJob.disabled=true -Dfile.encoding=utf8 -XX:+UseParallelGC -XX:GCTimeRatio=4 -XX:AdaptiveSizePolicyWeight=90 -Dsun.zip.disableMemoryMapping=true -Xmx2G -Xms100m -Xlog:disable -javaagent:c:\Users\Aditya\.antigravity\extensions\redhat.java-1.54.0-win32-x64\lombok\lombok-1.18.39-4050.jar 
java_command: c:\Users\Aditya\.antigravity\extensions\redhat.java-1.54.0-win32-x64\server\plugins\org.eclipse.equinox.launcher_1.7.100.v20251111-0406.jar -configuration c:\Users\Aditya\AppData\Roaming\Antigravity\User\globalStorage\redhat.java\1.54.0\config_ss_win -data c:\Users\Aditya\AppData\Roaming\Antigravity\User\workspaceStorage\69aa439137832c700fa45b48b1831ded\redhat.java\ss_ws --pipe=\\.\pipe\lsp-1c1c54d395d24012783cc08c5740c834-sock
java_class_path (initial): c:\Users\Aditya\.antigravity\extensions\redhat.java-1.54.0-win32-x64\server\plugins\org.eclipse.equinox.launcher_1.7.100.v20251111-0406.jar
Launcher Type: SUN_STANDARD

[Global flags]
    uintx AdaptiveSizePolicyWeight                 = 90                                        {product} {command line}
     intx CICompilerCount                          = 12                                        {product} {ergonomic}
    uintx GCTimeRatio                              = 4                                         {product} {command line}
   size_t InitialHeapSize                          = 104857600                                 {product} {command line}
   size_t MaxHeapSize                              = 2147483648                                {product} {command line}
   size_t MaxNewSize                               = 715653120                                 {product} {ergonomic}
   size_t MinHeapDeltaBytes                        = 524288                                    {product} {ergonomic}
   size_t MinHeapSize                              = 104857600                                 {product} {command line}
   size_t NewSize                                  = 34603008                                  {product} {ergonomic}
    uintx NonNMethodCodeHeapSize                   = 7602480                                {pd product} {ergonomic}
    uintx NonProfiledCodeHeapSize                  = 122027880                              {pd product} {ergonomic}
   size_t OldSize                                  = 70254592                                  {product} {ergonomic}
    uintx ProfiledCodeHeapSize                     = 122027880                              {pd product} {ergonomic}
    uintx ReservedCodeCacheSize                    = 251658240                              {pd product} {ergonomic}
     bool SegmentedCodeCache                       = true                                      {product} {ergonomic}
   size_t SoftMaxHeapSize                          = 2147483648                             {manageable} {ergonomic}
     bool UseCompressedOops                        = true                           {product lp64_product} {ergonomic}
     bool UseLargePagesIndividualAllocation        = false                                  {pd product} {ergonomic}
     bool UseParallelGC                            = true                                      {product} {command line}

Logging:
Log output configuration:
 #0: stdout all=off uptime,level,tags foldmultilines=false
 #1: stderr all=off uptime,level,tags foldmultilines=false

Release file:
JAVA_VERSION="21.0.10" 
MODULES="java.base java.compiler java.datatransfer java.xml java.prefs java.desktop java.instrument java.logging java.management java.security.sasl java.naming java.rmi java.management.rmi java.net.http java.scripting java.security.jgss java.transaction.xa java.sql java.sql.rowset java.xml.crypto java.se java.smartcardio jdk.accessibility jdk.internal.jvmstat jdk.attach jdk.charsets jdk.internal.opt jdk.zipfs jdk.compiler jdk.crypto.ec jdk.crypto.cryptoki jdk.crypto.mscapi jdk.dynalink jdk.internal.ed jdk.editpad jdk.hotspot.agent jdk.httpserver jdk.internal.le jdk.internal.vm.ci jdk.internal.vm.compiler jdk.internal.vm.compiler.management jdk.jartool jdk.javadoc jdk.jcmd jdk.management jdk.management.agent jdk.jconsole jdk.jdeps jdk.jdwp.agent jdk.jdi jdk.jfr jdk.jshell jdk.jsobject jdk.jstatd jdk.localedata jdk.management.jfr jdk.naming.dns jdk.naming.rmi jdk.net jdk.nio.mapmode jdk.random jdk.sctp jdk.security.auth jdk.security.jgss jdk.unsupported jdk.unsupported.desktop jdk.xml.dom" 

Environment Variables:
PATH=C:\Program Files\Common Files\Oracle\Java\javapath;C:\Windows\system32;C:\Windows;C:\Windows\System32\Wbem;C:\Windows\System32\WindowsPowerShell\v1.0\;C:\Windows\System32\OpenSSH\;C:\Program Files\dotnet\;C:\Program Files (x86)\NVIDIA Corporation\PhysX\Common;C:\Program Files\NVIDIA Corporation\NVIDIA app\NvDLISR;C:\ProgramData\chocolatey\bin;C:\Program Files\Git\cmd;C:\Program Files\MySQL\MySQL Server 8.0\bin;C:\Program Files\nodejs\;C:\Program Files\Redis\;C:\Users\Aditya\AppData\Local\Programs\Python\Python313\Scripts\;C:\Users\Aditya\AppData\Local\Programs\Python\Python313\;C:\Users\Aditya\AppData\Local\Programs\Python\Launcher\;C:\Program Files\MySQL\MySQL Shell 8.0\bin\;C:\Users\Aditya\AppData\Local\Microsoft\WindowsApps;C:\Users\Aditya\AppData\Local\Programs\Microsoft VS Code\bin;C:\Users\Aditya\Downloads\python-3.13.7;C:\Users\Aditya\Downloads\python-3.13.7\Scripts;C:\Users\Aditya\AppData\Roaming\npm;C:\Users\Aditya\AppData\Local\GitHubDesktop\bin;C:\Users\Aditya\AppData\Local\Programs\Antigravity\bin;D:\DevTools\Antigravity\bin
USERNAME=Aditya
OS=Windows_NT
PROCESSOR_IDENTIFIER=Intel64 Family 6 Model 183 Stepping 1, GenuineIntel
TMP=C:\Users\Aditya\AppData\Local\Temp
TEMP=C:\Users\Aditya\AppData\Local\Temp




Periodic native trim disabled

---------------  S Y S T E M  ---------------

OS:
 Windows 11 , 64 bit Build 26100 (10.0.26100.8328)
OS uptime: 3 days 8:03 hours
Hyper-V role detected

CPU: total 16 (initial active 16) (8 cores per cpu, 2 threads per core) family 6 model 183 stepping 1 microcode 0x133, cx8, cmov, fxsr, ht, mmx, 3dnowpref, sse, sse2, sse3, ssse3, sse4.1, sse4.2, popcnt, lzcnt, tsc, tscinvbit, avx, avx2, aes, erms, clmul, bmi1, bmi2, adx, sha, fma, vzeroupper, clflush, clflushopt, clwb, hv, serialize, rdtscp, rdpid, fsrm, f16c, cet_ibt, cet_ss
Processor Information for processor 0
  Max Mhz: 2400, Current Mhz: 2400, Mhz Limit: 2400
Processor Information for processor 1
  Max Mhz: 2400, Current Mhz: 2400, Mhz Limit: 2400
Processor Information for processor 2
  Max Mhz: 2400, Current Mhz: 2400, Mhz Limit: 2400
Processor Information for processor 3
  Max Mhz: 2400, Current Mhz: 2400, Mhz Limit: 2400
Processor Information for processor 4
  Max Mhz: 2400, Current Mhz: 2400, Mhz Limit: 2400
Processor Information for processor 5
  Max Mhz: 2400, Current Mhz: 2400, Mhz Limit: 2400
Processor Information for processor 6
  Max Mhz: 2400, Current Mhz: 2400, Mhz Limit: 2400
Processor Information for processor 7
  Max Mhz: 2400, Current Mhz: 2400, Mhz Limit: 2400
Processor Information for processor 8
  Max Mhz: 2400, Current Mhz: 2400, Mhz Limit: 2400
Processor Information for processor 9
  Max Mhz: 2400, Current Mhz: 2400, Mhz Limit: 2400
Processor Information for processor 10
  Max Mhz: 2400, Current Mhz: 2400, Mhz Limit: 2400
Processor Information for processor 11
  Max Mhz: 2400, Current Mhz: 2400, Mhz Limit: 2400
Processor Information for processor 12
  Max Mhz: 2400, Current Mhz: 1466, Mhz Limit: 2400
Processor Information for processor 13
  Max Mhz: 2400, Current Mhz: 2400, Mhz Limit: 2400
Processor Information for processor 14
  Max Mhz: 2400, Current Mhz: 1466, Mhz Limit: 2400
Processor Information for processor 15
  Max Mhz: 2400, Current Mhz: 1466, Mhz Limit: 2400

Memory: 4k page, system-wide physical 7876M (331M free)
TotalPageFile size 31876M (AvailPageFile size 15M)
current process WorkingSet (physical memory assigned to process): 150M, peak: 152M
current process commit charge ("private bytes"): 302M, peak: 304M

vm_info: OpenJDK 64-Bit Server VM (21.0.10+7-LTS) for windows-amd64 JRE (21.0.10+7-LTS), built on 2026-01-20T00:00:00Z by "admin" with MS VC++ 17.12 (VS2022)

END.
